{"/home/xxh/openclaw-harness/frontend/app/layout.tsx": {"path":"/home/xxh/openclaw-harness/frontend/app/layout.tsx","statementMap":{"0":{"start":{"line":29,"column":0},"end":{"line":29,"column":24}},"1":{"start":{"line":2,"column":0},"end":{"line":2,"column":57}},"2":{"start":{"line":3,"column":0},"end":{"line":3,"column":23}},"3":{"start":{"line":5,"column":14},"end":{"line":8,"column":2}},"4":{"start":{"line":10,"column":22},"end":{"line":13,"column":2}},"5":{"start":{"line":15,"column":13},"end":{"line":21,"column":2}},"6":{"start":{"line":23,"column":13},"end":{"line":27,"column":2}},"7":{"start":{"line":34,"column":2},"end":{"line":42,"column":4}}},"fnMap":{"0":{"name":"RootLayout","decl":{"start":{"line":29,"column":24},"end":{"line":29,"column":34}},"loc":{"start":{"line":33,"column":1},"end":{"line":43,"column":1}}}},"branchMap":{},"s":{"0":1,"1":1,"2":1,"3":1,"4":1,"5":1,"6":1,"7":2},"f":{"0":2},"b":{}}
,"/home/xxh/openclaw-harness/frontend/app/page.tsx": {"path":"/home/xxh/openclaw-harness/frontend/app/page.tsx","statementMap":{"0":{"start":{"line":25,"column":0},"end":{"line":25,"column":24}},"1":{"start":{"line":3,"column":0},"end":{"line":3,"column":44}},"2":{"start":{"line":4,"column":0},"end":{"line":4,"column":29}},"3":{"start":{"line":5,"column":0},"end":{"line":5,"column":34}},"4":{"start":{"line":6,"column":0},"end":{"line":6,"column":41}},"5":{"start":{"line":26,"column":28},"end":{"line":31,"column":4}},"6":{"start":{"line":32,"column":38},"end":{"line":32,"column":62}},"7":{"start":{"line":33,"column":32},"end":{"line":33,"column":46}},"8":{"start":{"line":35,"column":2},"end":{"line":51,"column":9}},"9":{"start":{"line":36,"column":4},"end":{"line":50,"column":7}},"10":{"start":{"line":37,"column":105},"end":{"line":37,"column":127}},"11":{"start":{"line":38,"column":87},"end":{"line":38,"column":109}},"12":{"start":{"line":39,"column":91},"end":{"line":39,"column":113}},"13":{"start":{"line":41,"column":26},"end":{"line":41,"column":114}},"14":{"start":{"line":41,"column":85},"end":{"line":41,"column":106}},"15":{"start":{"line":42,"column":6},"end":{"line":47,"column":9}},"16":{"start":{"line":48,"column":6},"end":{"line":48,"column":41}},"17":{"start":{"line":49,"column":6},"end":{"line":49,"column":24}},"18":{"start":{"line":53,"column":2},"end":{"line":127,"column":4}},"19":{"start":{"line":102,"column":20},"end":{"line":103,"column":null}},"20":{"start":{"line":131,"column":2},"end":{"line":142,"column":4}},"21":{"start":{"line":146,"column":2},"end":{"line":154,"column":4}},"22":{"start":{"line":158,"column":2},"end":{"line":167,"column":4}},"23":{"start":{"line":171,"column":2},"end":{"line":179,"column":4}}},"fnMap":{"0":{"name":"HomePage","decl":{"start":{"line":25,"column":24},"end":{"line":25,"column":32}},"loc":{"start":{"line":25,"column":32},"end":{"line":128,"column":1}}},"1":{"name":"(anonymous_2)","decl":{"start":{"line":35,"column":12},"end":{"line":35,"column":15}},"loc":{"start":{"line":35,"column":17},"end":{"line":51,"column":3}}},"2":{"name":"(anonymous_3)","decl":{"start":{"line":37,"column":98},"end":{"line":37,"column":101}},"loc":{"start":{"line":37,"column":105},"end":{"line":37,"column":127}}},"3":{"name":"(anonymous_4)","decl":{"start":{"line":38,"column":80},"end":{"line":38,"column":83}},"loc":{"start":{"line":38,"column":87},"end":{"line":38,"column":109}}},"4":{"name":"(anonymous_5)","decl":{"start":{"line":39,"column":84},"end":{"line":39,"column":87}},"loc":{"start":{"line":39,"column":91},"end":{"line":39,"column":113}}},"5":{"name":"(anonymous_6)","decl":{"start":{"line":40,"column":12},"end":{"line":40,"column":13}},"loc":{"start":{"line":40,"column":51},"end":{"line":50,"column":5}}},"6":{"name":"(anonymous_7)","decl":{"start":{"line":41,"column":58},"end":{"line":41,"column":59}},"loc":{"start":{"line":41,"column":85},"end":{"line":41,"column":106}}},"7":{"name":"(anonymous_8)","decl":{"start":{"line":101,"column":34},"end":{"line":101,"column":35}},"loc":{"start":{"line":102,"column":20},"end":{"line":103,"column":null}}},"8":{"name":"NavLink","decl":{"start":{"line":130,"column":9},"end":{"line":130,"column":16}},"loc":{"start":{"line":130,"column":91},"end":{"line":143,"column":1}}},"9":{"name":"StatCard","decl":{"start":{"line":145,"column":9},"end":{"line":145,"column":17}},"loc":{"start":{"line":145,"column":88},"end":{"line":155,"column":1}}},"10":{"name":"ActivityItem","decl":{"start":{"line":157,"column":9},"end":{"line":157,"column":21}},"loc":{"start":{"line":157,"column":126},"end":{"line":168,"column":1}}},"11":{"name":"QuickActionButton","decl":{"start":{"line":170,"column":9},"end":{"line":170,"column":26}},"loc":{"start":{"line":170,"column":95},"end":{"line":180,"column":1}}}},"branchMap":{"0":{"loc":{"start":{"line":41,"column":27},"end":{"line":41,"column":49}},"type":"binary-expr","locations":[{"start":{"line":41,"column":27},"end":{"line":41,"column":43}},{"start":{"line":41,"column":47},"end":{"line":41,"column":49}}]},"1":{"loc":{"start":{"line":44,"column":21},"end":{"line":44,"column":69}},"type":"binary-expr","locations":[{"start":{"line":44,"column":21},"end":{"line":44,"column":36}},{"start":{"line":44,"column":40},"end":{"line":44,"column":69}}]},"2":{"loc":{"start":{"line":44,"column":41},"end":{"line":44,"column":61}},"type":"binary-expr","locations":[{"start":{"line":44,"column":41},"end":{"line":44,"column":55}},{"start":{"line":44,"column":59},"end":{"line":44,"column":61}}]},"3":{"loc":{"start":{"line":48,"column":20},"end":{"line":48,"column":39}},"type":"binary-expr","locations":[{"start":{"line":48,"column":20},"end":{"line":48,"column":33}},{"start":{"line":48,"column":37},"end":{"line":48,"column":39}}]},"4":{"loc":{"start":{"line":88,"column":42},"end":{"line":88,"column":88}},"type":"cond-expr","locations":[{"start":{"line":88,"column":52},"end":{"line":88,"column":57}},{"start":{"line":88,"column":60},"end":{"line":88,"column":88}}]},"5":{"loc":{"start":{"line":89,"column":43},"end":{"line":89,"column":86}},"type":"cond-expr","locations":[{"start":{"line":89,"column":53},"end":{"line":89,"column":58}},{"start":{"line":89,"column":61},"end":{"line":89,"column":86}}]},"6":{"loc":{"start":{"line":97,"column":15},"end":{"line":110,"column":null}},"type":"cond-expr","locations":[{"start":{"line":98,"column":16},"end":{"line":98,"column":80}},{"start":{"line":100,"column":16},"end":{"line":109,"column":null}}]},"7":{"loc":{"start":{"line":104,"column":29},"end":{"line":104,"column":119}},"type":"cond-expr","locations":[{"start":{"line":104,"column":72},"end":{"line":104,"column":75}},{"start":{"line":104,"column":78},"end":{"line":104,"column":119}}]},"8":{"loc":{"start":{"line":104,"column":29},"end":{"line":104,"column":69}},"type":"binary-expr","locations":[{"start":{"line":104,"column":29},"end":{"line":104,"column":44}},{"start":{"line":104,"column":48},"end":{"line":104,"column":69}}]},"9":{"loc":{"start":{"line":104,"column":78},"end":{"line":104,"column":119}},"type":"cond-expr","locations":[{"start":{"line":104,"column":108},"end":{"line":104,"column":112}},{"start":{"line":104,"column":115},"end":{"line":104,"column":119}}]},"10":{"loc":{"start":{"line":106,"column":35},"end":{"line":106,"column":71}},"type":"binary-expr","locations":[{"start":{"line":106,"column":35},"end":{"line":106,"column":50}},{"start":{"line":106,"column":54},"end":{"line":106,"column":65}},{"start":{"line":106,"column":69},"end":{"line":106,"column":71}}]},"11":{"loc":{"start":{"line":135,"column":8},"end":{"line":137,"column":null}},"type":"cond-expr","locations":[{"start":{"line":136,"column":12},"end":{"line":136,"column":46}},{"start":{"line":137,"column":12},"end":{"line":137,"column":null}}]}},"s":{"0":1,"1":1,"2":1,"3":1,"4":1,"5":8,"6":7,"7":7,"8":7,"9":5,"10":0,"11":0,"12":0,"13":5,"14":10,"15":5,"16":5,"17":5,"18":7,"19":0,"20":70,"21":28,"22":0,"23":28},"f":{"0":8,"1":5,"2":0,"3":0,"4":0,"5":5,"6":10,"7":0,"8":70,"9":28,"10":0,"11":28},"b":{"0":[5,0],"1":[5,0],"2":[0,0],"3":[5,0],"4":[5,2],"5":[5,2],"6":[7,0],"7":[0,0],"8":[0,0],"9":[0,0],"10":[0,0,0],"11":[7,63]}}
,"/home/xxh/openclaw-harness/frontend/app/agents/page.tsx": {"path":"/home/xxh/openclaw-harness/frontend/app/agents/page.tsx","statementMap":{"0":{"start":{"line":17,"column":0},"end":{"line":17,"column":24}},"1":{"start":{"line":3,"column":0},"end":{"line":3,"column":33}},"2":{"start":{"line":4,"column":0},"end":{"line":4,"column":34}},"3":{"start":{"line":5,"column":0},"end":{"line":5,"column":44}},"4":{"start":{"line":6,"column":0},"end":{"line":6,"column":84}},"5":{"start":{"line":18,"column":48},"end":{"line":18,"column":99}},"6":{"start":{"line":19,"column":17},"end":{"line":19,"column":38}},"7":{"start":{"line":20,"column":42},"end":{"line":20,"column":70}},"8":{"start":{"line":21,"column":34},"end":{"line":21,"column":84}},"9":{"start":{"line":23,"column":22},"end":{"line":30,"column":3}},"10":{"start":{"line":24,"column":17},"end":{"line":24,"column":36}},"11":{"start":{"line":25,"column":4},"end":{"line":25,"column":22}},"12":{"start":{"line":25,"column":15},"end":{"line":25,"column":22}},"13":{"start":{"line":26,"column":4},"end":{"line":29,"column":37}},"14":{"start":{"line":27,"column":6},"end":{"line":27,"column":100}},"15":{"start":{"line":28,"column":6},"end":{"line":28,"column":16}},"16":{"start":{"line":29,"column":18},"end":{"line":29,"column":35}},"17":{"start":{"line":32,"column":20},"end":{"line":35,"column":3}},"18":{"start":{"line":33,"column":4},"end":{"line":33,"column":27}},"19":{"start":{"line":34,"column":4},"end":{"line":34,"column":96}},"20":{"start":{"line":37,"column":19},"end":{"line":44,"column":3}},"21":{"start":{"line":38,"column":4},"end":{"line":38,"column":30}},"22":{"start":{"line":38,"column":23},"end":{"line":38,"column":30}},"23":{"start":{"line":39,"column":4},"end":{"line":43,"column":37}},"24":{"start":{"line":40,"column":6},"end":{"line":40,"column":66}},"25":{"start":{"line":41,"column":6},"end":{"line":41,"column":28}},"26":{"start":{"line":42,"column":6},"end":{"line":42,"column":16}},"27":{"start":{"line":43,"column":18},"end":{"line":43,"column":35}},"28":{"start":{"line":46,"column":22},"end":{"line":52,"column":3}},"29":{"start":{"line":47,"column":4},"end":{"line":47,"column":52}},"30":{"start":{"line":47,"column":45},"end":{"line":47,"column":52}},"31":{"start":{"line":48,"column":4},"end":{"line":51,"column":37}},"32":{"start":{"line":49,"column":6},"end":{"line":49,"column":52}},"33":{"start":{"line":50,"column":6},"end":{"line":50,"column":16}},"34":{"start":{"line":51,"column":18},"end":{"line":51,"column":35}},"35":{"start":{"line":54,"column":2},"end":{"line":161,"column":4}},"36":{"start":{"line":70,"column":14},"end":{"line":70,"column":27}},"37":{"start":{"line":83,"column":14},"end":{"line":83,"column":34}},"38":{"start":{"line":108,"column":43},"end":{"line":108,"column":59}},"39":{"start":{"line":109,"column":43},"end":{"line":109,"column":61}},"40":{"start":{"line":118,"column":106},"end":{"line":118,"column":127}},"41":{"start":{"line":119,"column":126},"end":{"line":119,"column":145}},"42":{"start":{"line":126,"column":37},"end":{"line":126,"column":87}},"43":{"start":{"line":134,"column":37},"end":{"line":134,"column":94}},"44":{"start":{"line":143,"column":37},"end":{"line":143,"column":88}},"45":{"start":{"line":153,"column":39},"end":{"line":153,"column":60}}},"fnMap":{"0":{"name":"AgentsPage","decl":{"start":{"line":17,"column":24},"end":{"line":17,"column":34}},"loc":{"start":{"line":17,"column":34},"end":{"line":162,"column":1}}},"1":{"name":"(anonymous_2)","decl":{"start":{"line":23,"column":22},"end":{"line":23,"column":27}},"loc":{"start":{"line":23,"column":33},"end":{"line":30,"column":3}}},"2":{"name":"(anonymous_3)","decl":{"start":{"line":32,"column":20},"end":{"line":32,"column":21}},"loc":{"start":{"line":32,"column":37},"end":{"line":35,"column":3}}},"3":{"name":"(anonymous_4)","decl":{"start":{"line":37,"column":19},"end":{"line":37,"column":24}},"loc":{"start":{"line":37,"column":30},"end":{"line":44,"column":3}}},"4":{"name":"(anonymous_5)","decl":{"start":{"line":46,"column":22},"end":{"line":46,"column":27}},"loc":{"start":{"line":46,"column":45},"end":{"line":52,"column":3}}},"5":{"name":"(anonymous_6)","decl":{"start":{"line":69,"column":31},"end":{"line":69,"column":32}},"loc":{"start":{"line":70,"column":14},"end":{"line":70,"column":27}}},"6":{"name":"(anonymous_7)","decl":{"start":{"line":82,"column":24},"end":{"line":82,"column":25}},"loc":{"start":{"line":83,"column":14},"end":{"line":83,"column":34}}},"7":{"name":"(anonymous_8)","decl":{"start":{"line":108,"column":37},"end":{"line":108,"column":40}},"loc":{"start":{"line":108,"column":43},"end":{"line":108,"column":59}}},"8":{"name":"(anonymous_9)","decl":{"start":{"line":109,"column":37},"end":{"line":109,"column":40}},"loc":{"start":{"line":109,"column":43},"end":{"line":109,"column":61}}},"9":{"name":"(anonymous_10)","decl":{"start":{"line":118,"column":100},"end":{"line":118,"column":103}},"loc":{"start":{"line":118,"column":106},"end":{"line":118,"column":127}}},"10":{"name":"(anonymous_11)","decl":{"start":{"line":119,"column":119},"end":{"line":119,"column":120}},"loc":{"start":{"line":119,"column":126},"end":{"line":119,"column":145}}},"11":{"name":"(anonymous_12)","decl":{"start":{"line":126,"column":30},"end":{"line":126,"column":31}},"loc":{"start":{"line":126,"column":37},"end":{"line":126,"column":87}}},"12":{"name":"(anonymous_13)","decl":{"start":{"line":134,"column":30},"end":{"line":134,"column":31}},"loc":{"start":{"line":134,"column":37},"end":{"line":134,"column":94}}},"13":{"name":"(anonymous_14)","decl":{"start":{"line":143,"column":30},"end":{"line":143,"column":31}},"loc":{"start":{"line":143,"column":37},"end":{"line":143,"column":88}}},"14":{"name":"(anonymous_15)","decl":{"start":{"line":153,"column":33},"end":{"line":153,"column":36}},"loc":{"start":{"line":153,"column":39},"end":{"line":153,"column":60}}}},"branchMap":{"0":{"loc":{"start":{"line":19,"column":17},"end":{"line":19,"column":38}},"type":"binary-expr","locations":[{"start":{"line":19,"column":17},"end":{"line":19,"column":32}},{"start":{"line":19,"column":36},"end":{"line":19,"column":38}}]},"1":{"loc":{"start":{"line":19,"column":17},"end":{"line":19,"column":32}},"type":"cond-expr","locations":[{"start":{"line":19,"column":26},"end":{"line":19,"column":28}},{"start":{"line":19,"column":17},"end":{"line":19,"column":32}}]},"2":{"loc":{"start":{"line":19,"column":17},"end":{"line":19,"column":28}},"type":"binary-expr","locations":[{"start":{"line":19,"column":17},"end":{"line":19,"column":28}},{"start":{"line":19,"column":17},"end":{"line":19,"column":28}}]},"3":{"loc":{"start":{"line":25,"column":4},"end":{"line":25,"column":22}},"type":"if","locations":[{"start":{"line":25,"column":4},"end":{"line":25,"column":22}},{"start":{},"end":{}}]},"4":{"loc":{"start":{"line":34,"column":49},"end":{"line":34,"column":72}},"type":"binary-expr","locations":[{"start":{"line":34,"column":49},"end":{"line":34,"column":66}},{"start":{"line":34,"column":70},"end":{"line":34,"column":72}}]},"5":{"loc":{"start":{"line":38,"column":4},"end":{"line":38,"column":30}},"type":"if","locations":[{"start":{"line":38,"column":4},"end":{"line":38,"column":30}},{"start":{},"end":{}}]},"6":{"loc":{"start":{"line":47,"column":4},"end":{"line":47,"column":52}},"type":"if","locations":[{"start":{"line":47,"column":4},"end":{"line":47,"column":52}},{"start":{},"end":{}}]},"7":{"loc":{"start":{"line":67,"column":9},"end":{"line":114,"column":null}},"type":"cond-expr","locations":[{"start":{"line":68,"column":10},"end":{"line":71,"column":null}},{"start":{"line":73,"column":12},"end":{"line":114,"column":null}}]},"8":{"loc":{"start":{"line":73,"column":12},"end":{"line":114,"column":null}},"type":"cond-expr","locations":[{"start":{"line":74,"column":10},"end":{"line":78,"column":null}},{"start":{"line":81,"column":10},"end":{"line":113,"column":null}}]},"9":{"loc":{"start":{"line":86,"column":20},"end":{"line":86,"column":null}},"type":"cond-expr","locations":[{"start":{"line":86,"column":38},"end":{"line":86,"column":74}},{"start":{"line":86,"column":77},"end":{"line":86,"column":null}}]},"10":{"loc":{"start":{"line":93,"column":86},"end":{"line":93,"column":125}},"type":"cond-expr","locations":[{"start":{"line":93,"column":104},"end":{"line":93,"column":112}},{"start":{"line":93,"column":115},"end":{"line":93,"column":125}}]},"11":{"loc":{"start":{"line":94,"column":25},"end":{"line":94,"column":54}},"type":"cond-expr","locations":[{"start":{"line":94,"column":43},"end":{"line":94,"column":47}},{"start":{"line":94,"column":50},"end":{"line":94,"column":54}}]},"12":{"loc":{"start":{"line":101,"column":17},"end":{"line":102,"column":null}},"type":"binary-expr","locations":[{"start":{"line":101,"column":17},"end":{"line":101,"column":34}},{"start":{"line":102,"column":18},"end":{"line":102,"column":111}}]},"13":{"loc":{"start":{"line":117,"column":9},"end":{"line":157,"column":null}},"type":"binary-expr","locations":[{"start":{"line":117,"column":9},"end":{"line":117,"column":21}},{"start":{"line":118,"column":10},"end":{"line":156,"column":null}}]}},"s":{"0":0,"1":0,"2":0,"3":0,"4":0,"5":0,"6":0,"7":0,"8":0,"9":0,"10":0,"11":0,"12":0,"13":0,"14":0,"15":0,"16":0,"17":0,"18":0,"19":0,"20":0,"21":0,"22":0,"23":0,"24":0,"25":0,"26":0,"27":0,"28":0,"29":0,"30":0,"31":0,"32":0,"33":0,"34":0,"35":0,"36":0,"37":0,"38":0,"39":0,"40":0,"41":0,"42":0,"43":0,"44":0,"45":0},"f":{"0":0,"1":0,"2":0,"3":0,"4":0,"5":0,"6":0,"7":0,"8":0,"9":0,"10":0,"11":0,"12":0,"13":0,"14":0},"b":{"0":[0,0],"1":[0,0],"2":[0,0],"3":[0,0],"4":[0,0],"5":[0,0],"6":[0,0],"7":[0,0],"8":[0,0],"9":[0,0],"10":[0,0],"11":[0,0],"12":[0,0],"13":[0,0]}}
,"/home/xxh/openclaw-harness/frontend/app/audit/page.tsx": {"path":"/home/xxh/openclaw-harness/frontend/app/audit/page.tsx","statementMap":{"0":{"start":{"line":27,"column":0},"end":{"line":27,"column":24}},"1":{"start":{"line":3,"column":0},"end":{"line":3,"column":44}},"2":{"start":{"line":4,"column":0},"end":{"line":4,"column":34}},"3":{"start":{"line":5,"column":0},"end":{"line":5,"column":71}},"4":{"start":{"line":28,"column":26},"end":{"line":28,"column":50}},"5":{"start":{"line":29,"column":28},"end":{"line":29,"column":61}},"6":{"start":{"line":30,"column":32},"end":{"line":30,"column":46}},"7":{"start":{"line":31,"column":30},"end":{"line":31,"column":85}},"8":{"start":{"line":33,"column":2},"end":{"line":35,"column":9}},"9":{"start":{"line":34,"column":4},"end":{"line":34,"column":15}},"10":{"start":{"line":37,"column":19},"end":{"line":50,"column":3}},"11":{"start":{"line":38,"column":4},"end":{"line":49,"column":5}},"12":{"start":{"line":39,"column":34},"end":{"line":42,"column":8}},"13":{"start":{"line":43,"column":6},"end":{"line":43,"column":34}},"14":{"start":{"line":44,"column":6},"end":{"line":44,"column":25}},"15":{"start":{"line":46,"column":6},"end":{"line":46,"column":23}},"16":{"start":{"line":48,"column":6},"end":{"line":48,"column":24}},"17":{"start":{"line":52,"column":22},"end":{"line":58,"column":3}},"18":{"start":{"line":53,"column":4},"end":{"line":53,"column":48}},"19":{"start":{"line":53,"column":41},"end":{"line":53,"column":48}},"20":{"start":{"line":54,"column":4},"end":{"line":57,"column":37}},"21":{"start":{"line":55,"column":6},"end":{"line":55,"column":43}},"22":{"start":{"line":56,"column":6},"end":{"line":56,"column":17}},"23":{"start":{"line":57,"column":18},"end":{"line":57,"column":35}},"24":{"start":{"line":60,"column":23},"end":{"line":62,"column":3}},"25":{"start":{"line":61,"column":4},"end":{"line":61,"column":50}},"26":{"start":{"line":64,"column":19},"end":{"line":70,"column":4}},"27":{"start":{"line":65,"column":4},"end":{"line":65,"column":38}},"28":{"start":{"line":65,"column":26},"end":{"line":65,"column":38}},"29":{"start":{"line":66,"column":4},"end":{"line":66,"column":107}},"30":{"start":{"line":66,"column":30},"end":{"line":66,"column":107}},"31":{"start":{"line":67,"column":4},"end":{"line":67,"column":62}},"32":{"start":{"line":67,"column":29},"end":{"line":67,"column":62}},"33":{"start":{"line":68,"column":4},"end":{"line":68,"column":81}},"34":{"start":{"line":68,"column":28},"end":{"line":68,"column":81}},"35":{"start":{"line":69,"column":4},"end":{"line":69,"column":16}},"36":{"start":{"line":72,"column":21},"end":{"line":79,"column":3}},"37":{"start":{"line":73,"column":4},"end":{"line":73,"column":46}},"38":{"start":{"line":73,"column":35},"end":{"line":73,"column":46}},"39":{"start":{"line":74,"column":4},"end":{"line":74,"column":48}},"40":{"start":{"line":74,"column":35},"end":{"line":74,"column":48}},"41":{"start":{"line":75,"column":4},"end":{"line":75,"column":47}},"42":{"start":{"line":75,"column":35},"end":{"line":75,"column":47}},"43":{"start":{"line":76,"column":4},"end":{"line":76,"column":73}},"44":{"start":{"line":76,"column":61},"end":{"line":76,"column":73}},"45":{"start":{"line":77,"column":4},"end":{"line":77,"column":73}},"46":{"start":{"line":77,"column":62},"end":{"line":77,"column":73}},"47":{"start":{"line":78,"column":4},"end":{"line":78,"column":16}},"48":{"start":{"line":81,"column":2},"end":{"line":183,"column":4}},"49":{"start":{"line":127,"column":12},"end":{"line":128,"column":null}},"50":{"start":{"line":129,"column":29},"end":{"line":129,"column":45}},"51":{"start":{"line":144,"column":14},"end":{"line":144,"column":27}},"52":{"start":{"line":152,"column":14},"end":{"line":153,"column":null}}},"fnMap":{"0":{"name":"AuditPage","decl":{"start":{"line":27,"column":24},"end":{"line":27,"column":33}},"loc":{"start":{"line":27,"column":33},"end":{"line":184,"column":1}}},"1":{"name":"(anonymous_2)","decl":{"start":{"line":33,"column":12},"end":{"line":33,"column":15}},"loc":{"start":{"line":33,"column":17},"end":{"line":35,"column":3}}},"2":{"name":"(anonymous_3)","decl":{"start":{"line":37,"column":19},"end":{"line":37,"column":24}},"loc":{"start":{"line":37,"column":30},"end":{"line":50,"column":3}}},"3":{"name":"(anonymous_4)","decl":{"start":{"line":52,"column":22},"end":{"line":52,"column":27}},"loc":{"start":{"line":52,"column":33},"end":{"line":58,"column":3}}},"4":{"name":"(anonymous_5)","decl":{"start":{"line":60,"column":23},"end":{"line":60,"column":26}},"loc":{"start":{"line":60,"column":28},"end":{"line":62,"column":3}}},"5":{"name":"(anonymous_6)","decl":{"start":{"line":64,"column":31},"end":{"line":64,"column":32}},"loc":{"start":{"line":64,"column":37},"end":{"line":70,"column":3}}},"6":{"name":"(anonymous_7)","decl":{"start":{"line":72,"column":21},"end":{"line":72,"column":22}},"loc":{"start":{"line":72,"column":48},"end":{"line":79,"column":3}}},"7":{"name":"(anonymous_8)","decl":{"start":{"line":126,"column":16},"end":{"line":126,"column":17}},"loc":{"start":{"line":127,"column":12},"end":{"line":128,"column":null}}},"8":{"name":"(anonymous_9)","decl":{"start":{"line":129,"column":23},"end":{"line":129,"column":26}},"loc":{"start":{"line":129,"column":29},"end":{"line":129,"column":45}}},"9":{"name":"(anonymous_10)","decl":{"start":{"line":143,"column":31},"end":{"line":143,"column":32}},"loc":{"start":{"line":144,"column":14},"end":{"line":144,"column":27}}},"10":{"name":"(anonymous_11)","decl":{"start":{"line":151,"column":26},"end":{"line":151,"column":27}},"loc":{"start":{"line":152,"column":14},"end":{"line":153,"column":null}}}},"branchMap":{"0":{"loc":{"start":{"line":43,"column":14},"end":{"line":43,"column":32}},"type":"binary-expr","locations":[{"start":{"line":43,"column":14},"end":{"line":43,"column":26}},{"start":{"line":43,"column":30},"end":{"line":43,"column":32}}]},"1":{"loc":{"start":{"line":53,"column":4},"end":{"line":53,"column":48}},"type":"if","locations":[{"start":{"line":53,"column":4},"end":{"line":53,"column":48}},{"start":{},"end":{}}]},"2":{"loc":{"start":{"line":65,"column":4},"end":{"line":65,"column":38}},"type":"if","locations":[{"start":{"line":65,"column":4},"end":{"line":65,"column":38}},{"start":{},"end":{}}]},"3":{"loc":{"start":{"line":66,"column":4},"end":{"line":66,"column":107}},"type":"if","locations":[{"start":{"line":66,"column":4},"end":{"line":66,"column":107}},{"start":{},"end":{}}]},"4":{"loc":{"start":{"line":66,"column":37},"end":{"line":66,"column":106}},"type":"binary-expr","locations":[{"start":{"line":66,"column":37},"end":{"line":66,"column":63}},{"start":{"line":66,"column":68},"end":{"line":66,"column":82}},{"start":{"line":66,"column":86},"end":{"line":66,"column":105}}]},"5":{"loc":{"start":{"line":67,"column":4},"end":{"line":67,"column":62}},"type":"if","locations":[{"start":{"line":67,"column":4},"end":{"line":67,"column":62}},{"start":{},"end":{}}]},"6":{"loc":{"start":{"line":68,"column":4},"end":{"line":68,"column":81}},"type":"if","locations":[{"start":{"line":68,"column":4},"end":{"line":68,"column":81}},{"start":{},"end":{}}]},"7":{"loc":{"start":{"line":68,"column":35},"end":{"line":68,"column":80}},"type":"binary-expr","locations":[{"start":{"line":68,"column":35},"end":{"line":68,"column":56}},{"start":{"line":68,"column":60},"end":{"line":68,"column":80}}]},"8":{"loc":{"start":{"line":73,"column":4},"end":{"line":73,"column":46}},"type":"if","locations":[{"start":{"line":73,"column":4},"end":{"line":73,"column":46}},{"start":{},"end":{}}]},"9":{"loc":{"start":{"line":74,"column":4},"end":{"line":74,"column":48}},"type":"if","locations":[{"start":{"line":74,"column":4},"end":{"line":74,"column":48}},{"start":{},"end":{}}]},"10":{"loc":{"start":{"line":75,"column":4},"end":{"line":75,"column":47}},"type":"if","locations":[{"start":{"line":75,"column":4},"end":{"line":75,"column":47}},{"start":{},"end":{}}]},"11":{"loc":{"start":{"line":76,"column":4},"end":{"line":76,"column":73}},"type":"if","locations":[{"start":{"line":76,"column":4},"end":{"line":76,"column":73}},{"start":{},"end":{}}]},"12":{"loc":{"start":{"line":76,"column":8},"end":{"line":76,"column":59}},"type":"binary-expr","locations":[{"start":{"line":76,"column":8},"end":{"line":76,"column":31}},{"start":{"line":76,"column":35},"end":{"line":76,"column":59}}]},"13":{"loc":{"start":{"line":77,"column":4},"end":{"line":77,"column":73}},"type":"if","locations":[{"start":{"line":77,"column":4},"end":{"line":77,"column":73}},{"start":{},"end":{}}]},"14":{"loc":{"start":{"line":77,"column":8},"end":{"line":77,"column":60}},"type":"binary-expr","locations":[{"start":{"line":77,"column":8},"end":{"line":77,"column":34}},{"start":{"line":77,"column":38},"end":{"line":77,"column":60}}]},"15":{"loc":{"start":{"line":99,"column":9},"end":{"line":117,"column":null}},"type":"binary-expr","locations":[{"start":{"line":99,"column":9},"end":{"line":99,"column":14}},{"start":{"line":100,"column":10},"end":{"line":116,"column":null}}]},"16":{"loc":{"start":{"line":107,"column":71},"end":{"line":107,"column":101}},"type":"binary-expr","locations":[{"start":{"line":107,"column":71},"end":{"line":107,"column":96}},{"start":{"line":107,"column":100},"end":{"line":107,"column":101}}]},"17":{"loc":{"start":{"line":107,"column":71},"end":{"line":107,"column":96}},"type":"cond-expr","locations":[{"start":{"line":107,"column":86},"end":{"line":107,"column":88}},{"start":{"line":107,"column":86},"end":{"line":107,"column":96}}]},"18":{"loc":{"start":{"line":107,"column":71},"end":{"line":107,"column":88}},"type":"binary-expr","locations":[{"start":{"line":107,"column":71},"end":{"line":107,"column":88}},{"start":{"line":107,"column":86},"end":{"line":107,"column":88}}]},"19":{"loc":{"start":{"line":111,"column":67},"end":{"line":111,"column":100}},"type":"binary-expr","locations":[{"start":{"line":111,"column":67},"end":{"line":111,"column":95}},{"start":{"line":111,"column":99},"end":{"line":111,"column":100}}]},"20":{"loc":{"start":{"line":111,"column":67},"end":{"line":111,"column":95}},"type":"cond-expr","locations":[{"start":{"line":111,"column":82},"end":{"line":111,"column":84}},{"start":{"line":111,"column":82},"end":{"line":111,"column":95}}]},"21":{"loc":{"start":{"line":111,"column":67},"end":{"line":111,"column":84}},"type":"binary-expr","locations":[{"start":{"line":111,"column":67},"end":{"line":111,"column":84}},{"start":{"line":111,"column":82},"end":{"line":111,"column":84}}]},"22":{"loc":{"start":{"line":115,"column":82},"end":{"line":115,"column":103}},"type":"binary-expr","locations":[{"start":{"line":115,"column":82},"end":{"line":115,"column":97}},{"start":{"line":115,"column":101},"end":{"line":115,"column":103}}]},"23":{"loc":{"start":{"line":131,"column":16},"end":{"line":133,"column":null}},"type":"cond-expr","locations":[{"start":{"line":132,"column":20},"end":{"line":132,"column":90}},{"start":{"line":133,"column":20},"end":{"line":133,"column":null}}]},"24":{"loc":{"start":{"line":141,"column":9},"end":{"line":179,"column":null}},"type":"cond-expr","locations":[{"start":{"line":142,"column":10},"end":{"line":145,"column":null}},{"start":{"line":147,"column":12},"end":{"line":179,"column":null}}]},"25":{"loc":{"start":{"line":147,"column":12},"end":{"line":179,"column":null}},"type":"cond-expr","locations":[{"start":{"line":148,"column":10},"end":{"line":148,"column":85}},{"start":{"line":150,"column":10},"end":{"line":178,"column":null}}]},"26":{"loc":{"start":{"line":164,"column":21},"end":{"line":164,"column":64}},"type":"binary-expr","locations":[{"start":{"line":164,"column":21},"end":{"line":164,"column":33}},{"start":{"line":164,"column":37},"end":{"line":164,"column":64}}]},"27":{"loc":{"start":{"line":165,"column":21},"end":{"line":165,"column":55}},"type":"binary-expr","locations":[{"start":{"line":165,"column":21},"end":{"line":165,"column":32}},{"start":{"line":165,"column":36},"end":{"line":165,"column":55}}]},"28":{"loc":{"start":{"line":169,"column":18},"end":{"line":171,"column":null}},"type":"cond-expr","locations":[{"start":{"line":169,"column":48},"end":{"line":169,"column":68}},{"start":{"line":170,"column":18},"end":{"line":171,"column":null}}]},"29":{"loc":{"start":{"line":170,"column":18},"end":{"line":171,"column":null}},"type":"cond-expr","locations":[{"start":{"line":170,"column":62},"end":{"line":170,"column":81}},{"start":{"line":171,"column":18},"end":{"line":171,"column":null}}]},"30":{"loc":{"start":{"line":170,"column":18},"end":{"line":170,"column":59}},"type":"binary-expr","locations":[{"start":{"line":170,"column":18},"end":{"line":170,"column":33}},{"start":{"line":170,"column":37},"end":{"line":170,"column":59}}]},"31":{"loc":{"start":{"line":173,"column":19},"end":{"line":174,"column":74}},"type":"cond-expr","locations":[{"start":{"line":173,"column":49},"end":{"line":173,"column":53}},{"start":{"line":174,"column":19},"end":{"line":174,"column":74}}]},"32":{"loc":{"start":{"line":174,"column":19},"end":{"line":174,"column":74}},"type":"cond-expr","locations":[{"start":{"line":174,"column":63},"end":{"line":174,"column":67}},{"start":{"line":174,"column":70},"end":{"line":174,"column":74}}]},"33":{"loc":{"start":{"line":174,"column":19},"end":{"line":174,"column":60}},"type":"binary-expr","locations":[{"start":{"line":174,"column":19},"end":{"line":174,"column":34}},{"start":{"line":174,"column":38},"end":{"line":174,"column":60}}]}},"s":{"0":0,"1":0,"2":0,"3":0,"4":0,"5":0,"6":0,"7":0,"8":0,"9":0,"10":0,"11":0,"12":0,"13":0,"14":0,"15":0,"16":0,"17":0,"18":0,"19":0,"20":0,"21":0,"22":0,"23":0,"24":0,"25":0,"26":0,"27":0,"28":0,"29":0,"30":0,"31":0,"32":0,"33":0,"34":0,"35":0,"36":0,"37":0,"38":0,"39":0,"40":0,"41":0,"42":0,"43":0,"44":0,"45":0,"46":0,"47":0,"48":0,"49":0,"50":0,"51":0,"52":0},"f":{"0":0,"1":0,"2":0,"3":0,"4":0,"5":0,"6":0,"7":0,"8":0,"9":0,"10":0},"b":{"0":[0,0],"1":[0,0],"2":[0,0],"3":[0,0],"4":[0,0,0],"5":[0,0],"6":[0,0],"7":[0,0],"8":[0,0],"9":[0,0],"10":[0,0],"11":[0,0],"12":[0,0],"13":[0,0],"14":[0,0],"15":[0,0],"16":[0,0],"17":[0,0],"18":[0,0],"19":[0,0],"20":[0,0],"21":[0,0],"22":[0,0],"23":[0,0],"24":[0,0],"25":[0,0],"26":[0,0],"27":[0,0],"28":[0,0],"29":[0,0],"30":[0,0],"31":[0,0],"32":[0,0],"33":[0,0]}}
,"/home/xxh/openclaw-harness/frontend/app/chat/page.tsx": {"path":"/home/xxh/openclaw-harness/frontend/app/chat/page.tsx","statementMap":{"0":{"start":{"line":38,"column":0},"end":{"line":38,"column":24}},"1":{"start":{"line":3,"column":0},"end":{"line":3,"column":91}},"2":{"start":{"line":4,"column":0},"end":{"line":4,"column":29}},"3":{"start":{"line":5,"column":0},"end":{"line":5,"column":50}},"4":{"start":{"line":6,"column":0},"end":{"line":6,"column":43}},"5":{"start":{"line":7,"column":0},"end":{"line":7,"column":45}},"6":{"start":{"line":8,"column":0},"end":{"line":8,"column":34}},"7":{"start":{"line":39,"column":2},"end":{"line":43,"column":4}},"8":{"start":{"line":47,"column":23},"end":{"line":47,"column":40}},"9":{"start":{"line":48,"column":21},"end":{"line":48,"column":44}},"10":{"start":{"line":49,"column":36},"end":{"line":49,"column":70}},"11":{"start":{"line":50,"column":34},"end":{"line":50,"column":57}},"12":{"start":{"line":51,"column":28},"end":{"line":51,"column":40}},"13":{"start":{"line":52,"column":36},"end":{"line":52,"column":51}},"14":{"start":{"line":53,"column":50},"end":{"line":53,"column":62}},"15":{"start":{"line":54,"column":46},"end":{"line":54,"column":76}},"16":{"start":{"line":55,"column":40},"end":{"line":55,"column":51}},"17":{"start":{"line":56,"column":34},"end":{"line":56,"column":45}},"18":{"start":{"line":57,"column":28},"end":{"line":57,"column":75}},"19":{"start":{"line":58,"column":38},"end":{"line":58,"column":53}},"20":{"start":{"line":59,"column":40},"end":{"line":59,"column":105}},"21":{"start":{"line":60,"column":25},"end":{"line":60,"column":53}},"22":{"start":{"line":61,"column":30},"end":{"line":61,"column":40}},"23":{"start":{"line":62,"column":28},"end":{"line":62,"column":56}},"24":{"start":{"line":64,"column":27},"end":{"line":64,"column":62}},"25":{"start":{"line":64,"column":41},"end":{"line":64,"column":49}},"26":{"start":{"line":66,"column":2},"end":{"line":72,"column":9}},"27":{"start":{"line":67,"column":4},"end":{"line":71,"column":5}},"28":{"start":{"line":68,"column":6},"end":{"line":68,"column":33}},"29":{"start":{"line":70,"column":6},"end":{"line":70,"column":20}},"30":{"start":{"line":74,"column":2},"end":{"line":80,"column":19}},"31":{"start":{"line":75,"column":4},"end":{"line":79,"column":5}},"32":{"start":{"line":76,"column":6},"end":{"line":78,"column":25}},"33":{"start":{"line":77,"column":23},"end":{"line":77,"column":53}},"34":{"start":{"line":83,"column":2},"end":{"line":87,"column":35}},"35":{"start":{"line":84,"column":4},"end":{"line":86,"column":5}},"36":{"start":{"line":85,"column":6},"end":{"line":85,"column":68}},"37":{"start":{"line":89,"column":22},"end":{"line":98,"column":8}},"38":{"start":{"line":90,"column":4},"end":{"line":97,"column":5}},"39":{"start":{"line":91,"column":18},"end":{"line":93,"column":8}},"40":{"start":{"line":94,"column":6},"end":{"line":94,"column":35}},"41":{"start":{"line":96,"column":6},"end":{"line":96,"column":56}},"42":{"start":{"line":100,"column":25},"end":{"line":110,"column":3}},"43":{"start":{"line":101,"column":4},"end":{"line":109,"column":5}},"44":{"start":{"line":102,"column":25},"end":{"line":102,"column":111}},"45":{"start":{"line":103,"column":6},"end":{"line":103,"column":34}},"46":{"start":{"line":104,"column":22},"end":{"line":104,"column":106}},"47":{"start":{"line":105,"column":6},"end":{"line":105,"column":38}},"48":{"start":{"line":107,"column":6},"end":{"line":107,"column":75}},"49":{"start":{"line":108,"column":6},"end":{"line":108,"column":20}},"50":{"start":{"line":112,"column":22},"end":{"line":212,"column":35}},"51":{"start":{"line":113,"column":4},"end":{"line":113,"column":57}},"52":{"start":{"line":113,"column":50},"end":{"line":113,"column":57}},"53":{"start":{"line":115,"column":24},"end":{"line":115,"column":36}},"54":{"start":{"line":116,"column":4},"end":{"line":116,"column":17}},"55":{"start":{"line":117,"column":4},"end":{"line":117,"column":23}},"56":{"start":{"line":118,"column":4},"end":{"line":118,"column":28}},"57":{"start":{"line":119,"column":4},"end":{"line":119,"column":28}},"58":{"start":{"line":120,"column":4},"end":{"line":120,"column":37}},"59":{"start":{"line":121,"column":4},"end":{"line":121,"column":37}},"60":{"start":{"line":123,"column":4},"end":{"line":211,"column":5}},"61":{"start":{"line":124,"column":6},"end":{"line":181,"column":8}},"62":{"start":{"line":128,"column":10},"end":{"line":178,"column":11}},"63":{"start":{"line":130,"column":14},"end":{"line":130,"column":20}},"64":{"start":{"line":133,"column":14},"end":{"line":133,"column":72}},"65":{"start":{"line":134,"column":14},"end":{"line":134,"column":60}},"66":{"start":{"line":135,"column":14},"end":{"line":135,"column":20}},"67":{"start":{"line":138,"column":14},"end":{"line":142,"column":17}},"68":{"start":{"line":139,"column":29},"end":{"line":139,"column":61}},"69":{"start":{"line":140,"column":16},"end":{"line":140,"column":51}},"70":{"start":{"line":141,"column":16},"end":{"line":141,"column":28}},"71":{"start":{"line":143,"column":14},"end":{"line":143,"column":20}},"72":{"start":{"line":146,"column":14},"end":{"line":153,"column":17}},"73":{"start":{"line":147,"column":42},"end":{"line":150,"column":18}},"74":{"start":{"line":151,"column":16},"end":{"line":151,"column":53}},"75":{"start":{"line":152,"column":16},"end":{"line":152,"column":32}},"76":{"start":{"line":154,"column":14},"end":{"line":154,"column":20}},"77":{"start":{"line":157,"column":14},"end":{"line":161,"column":17}},"78":{"start":{"line":158,"column":32},"end":{"line":158,"column":67}},"79":{"start":{"line":159,"column":16},"end":{"line":159,"column":52}},"80":{"start":{"line":160,"column":16},"end":{"line":160,"column":31}},"81":{"start":{"line":162,"column":14},"end":{"line":162,"column":20}},"82":{"start":{"line":165,"column":14},"end":{"line":165,"column":50}},"83":{"start":{"line":165,"column":44},"end":{"line":165,"column":48}},"84":{"start":{"line":166,"column":14},"end":{"line":166,"column":63}},"85":{"start":{"line":167,"column":14},"end":{"line":167,"column":34}},"86":{"start":{"line":168,"column":14},"end":{"line":168,"column":20}},"87":{"start":{"line":171,"column":14},"end":{"line":175,"column":17}},"88":{"start":{"line":172,"column":29},"end":{"line":172,"column":65}},"89":{"start":{"line":173,"column":16},"end":{"line":173,"column":51}},"90":{"start":{"line":174,"column":16},"end":{"line":174,"column":28}},"91":{"start":{"line":176,"column":14},"end":{"line":176,"column":34}},"92":{"start":{"line":177,"column":14},"end":{"line":177,"column":20}},"93":{"start":{"line":183,"column":6},"end":{"line":202,"column":7}},"94":{"start":{"line":184,"column":8},"end":{"line":201,"column":11}},"95":{"start":{"line":184,"column":30},"end":{"line":201,"column":10}},"96":{"start":{"line":204,"column":6},"end":{"line":204,"column":30}},"97":{"start":{"line":205,"column":6},"end":{"line":205,"column":30}},"98":{"start":{"line":206,"column":6},"end":{"line":206,"column":39}},"99":{"start":{"line":207,"column":6},"end":{"line":207,"column":39}},"100":{"start":{"line":209,"column":6},"end":{"line":209,"column":42}},"101":{"start":{"line":210,"column":6},"end":{"line":210,"column":26}},"102":{"start":{"line":214,"column":24},"end":{"line":219,"column":3}},"103":{"start":{"line":215,"column":4},"end":{"line":218,"column":5}},"104":{"start":{"line":216,"column":6},"end":{"line":216,"column":25}},"105":{"start":{"line":217,"column":6},"end":{"line":217,"column":20}},"106":{"start":{"line":221,"column":2},"end":{"line":430,"column":4}},"107":{"start":{"line":265,"column":27},"end":{"line":265,"column":53}},"108":{"start":{"line":305,"column":18},"end":{"line":306,"column":null}},"109":{"start":{"line":307,"column":35},"end":{"line":307,"column":56}},"110":{"start":{"line":320,"column":12},"end":{"line":320,"column":37}},"111":{"start":{"line":376,"column":18},"end":{"line":376,"column":37}},"112":{"start":{"line":398,"column":31},"end":{"line":398,"column":55}},"113":{"start":{"line":436,"column":22},"end":{"line":475,"column":2}},"114":{"start":{"line":437,"column":17},"end":{"line":437,"column":40}},"115":{"start":{"line":439,"column":2},"end":{"line":474,"column":4}},"116":{"start":{"line":462,"column":10},"end":{"line":462,"column":34}},"117":{"start":{"line":478,"column":21},"end":{"line":561,"column":2}},"118":{"start":{"line":479,"column":18},"end":{"line":479,"column":34}},"119":{"start":{"line":480,"column":20},"end":{"line":480,"column":46}},"120":{"start":{"line":482,"column":2},"end":{"line":560,"column":4}},"121":{"start":{"line":565,"column":2},"end":{"line":608,"column":4}},"122":{"start":{"line":570,"column":36},"end":{"line":570,"column":41}},"123":{"start":{"line":570,"column":46},"end":{"line":570,"column":null}},"124":{"start":{"line":571,"column":26},"end":{"line":571,"column":64}},"125":{"start":{"line":572,"column":29},"end":{"line":572,"column":49}},"126":{"start":{"line":573,"column":12},"end":{"line":582,"column":13}},"127":{"start":{"line":574,"column":14},"end":{"line":581,"column":16}},"128":{"start":{"line":583,"column":12},"end":{"line":587,"column":14}},"129":{"start":{"line":590,"column":32},"end":{"line":590,"column":null}},"130":{"start":{"line":594,"column":30},"end":{"line":594,"column":65}},"131":{"start":{"line":595,"column":26},"end":{"line":595,"column":58}},"132":{"start":{"line":596,"column":29},"end":{"line":596,"column":50}},"133":{"start":{"line":597,"column":25},"end":{"line":597,"column":86}},"134":{"start":{"line":598,"column":12},"end":{"line":598,"column":65}},"135":{"start":{"line":613,"column":30},"end":{"line":613,"column":45}},"136":{"start":{"line":615,"column":21},"end":{"line":619,"column":3}},"137":{"start":{"line":616,"column":4},"end":{"line":616,"column":40}},"138":{"start":{"line":617,"column":4},"end":{"line":617,"column":20}},"139":{"start":{"line":618,"column":4},"end":{"line":618,"column":45}},"140":{"start":{"line":618,"column":21},"end":{"line":618,"column":37}},"141":{"start":{"line":621,"column":2},"end":{"line":648,"column":4}},"142":{"start":{"line":661,"column":2},"end":{"line":669,"column":4}}},"fnMap":{"0":{"name":"ChatPage","decl":{"start":{"line":38,"column":24},"end":{"line":38,"column":32}},"loc":{"start":{"line":38,"column":32},"end":{"line":44,"column":1}}},"1":{"name":"ChatContent","decl":{"start":{"line":46,"column":9},"end":{"line":46,"column":20}},"loc":{"start":{"line":46,"column":20},"end":{"line":431,"column":1}}},"2":{"name":"(anonymous_13)","decl":{"start":{"line":64,"column":35},"end":{"line":64,"column":38}},"loc":{"start":{"line":64,"column":41},"end":{"line":64,"column":49}}},"3":{"name":"(anonymous_14)","decl":{"start":{"line":66,"column":12},"end":{"line":66,"column":15}},"loc":{"start":{"line":66,"column":17},"end":{"line":72,"column":3}}},"4":{"name":"(anonymous_15)","decl":{"start":{"line":74,"column":12},"end":{"line":74,"column":15}},"loc":{"start":{"line":74,"column":17},"end":{"line":80,"column":3}}},"5":{"name":"(anonymous_16)","decl":{"start":{"line":77,"column":14},"end":{"line":77,"column":15}},"loc":{"start":{"line":77,"column":23},"end":{"line":77,"column":53}}},"6":{"name":"(anonymous_17)","decl":{"start":{"line":78,"column":15},"end":{"line":78,"column":18}},"loc":{"start":{"line":78,"column":20},"end":{"line":78,"column":23}}},"7":{"name":"(anonymous_18)","decl":{"start":{"line":83,"column":12},"end":{"line":83,"column":15}},"loc":{"start":{"line":83,"column":17},"end":{"line":87,"column":3}}},"8":{"name":"(anonymous_19)","decl":{"start":{"line":89,"column":34},"end":{"line":89,"column":39}},"loc":{"start":{"line":89,"column":45},"end":{"line":98,"column":3}}},"9":{"name":"(anonymous_20)","decl":{"start":{"line":100,"column":25},"end":{"line":100,"column":30}},"loc":{"start":{"line":100,"column":47},"end":{"line":110,"column":3}}},"10":{"name":"(anonymous_21)","decl":{"start":{"line":112,"column":34},"end":{"line":112,"column":39}},"loc":{"start":{"line":112,"column":45},"end":{"line":212,"column":3}}},"11":{"name":"(anonymous_22)","decl":{"start":{"line":127,"column":8},"end":{"line":127,"column":9}},"loc":{"start":{"line":127,"column":31},"end":{"line":179,"column":9}}},"12":{"name":"(anonymous_23)","decl":{"start":{"line":138,"column":34},"end":{"line":138,"column":35}},"loc":{"start":{"line":138,"column":43},"end":{"line":142,"column":15}}},"13":{"name":"(anonymous_24)","decl":{"start":{"line":146,"column":32},"end":{"line":146,"column":33}},"loc":{"start":{"line":146,"column":38},"end":{"line":153,"column":15}}},"14":{"name":"(anonymous_25)","decl":{"start":{"line":157,"column":32},"end":{"line":157,"column":33}},"loc":{"start":{"line":157,"column":41},"end":{"line":161,"column":15}}},"15":{"name":"(anonymous_26)","decl":{"start":{"line":165,"column":34},"end":{"line":165,"column":35}},"loc":{"start":{"line":165,"column":44},"end":{"line":165,"column":48}}},"16":{"name":"(anonymous_27)","decl":{"start":{"line":171,"column":34},"end":{"line":171,"column":35}},"loc":{"start":{"line":171,"column":43},"end":{"line":175,"column":15}}},"17":{"name":"(anonymous_28)","decl":{"start":{"line":184,"column":20},"end":{"line":184,"column":21}},"loc":{"start":{"line":184,"column":30},"end":{"line":201,"column":10}}},"18":{"name":"(anonymous_29)","decl":{"start":{"line":214,"column":24},"end":{"line":214,"column":25}},"loc":{"start":{"line":214,"column":51},"end":{"line":219,"column":3}}},"19":{"name":"(anonymous_30)","decl":{"start":{"line":265,"column":21},"end":{"line":265,"column":24}},"loc":{"start":{"line":265,"column":27},"end":{"line":265,"column":53}}},"20":{"name":"(anonymous_31)","decl":{"start":{"line":304,"column":22},"end":{"line":304,"column":23}},"loc":{"start":{"line":305,"column":18},"end":{"line":306,"column":null}}},"21":{"name":"(anonymous_32)","decl":{"start":{"line":307,"column":29},"end":{"line":307,"column":32}},"loc":{"start":{"line":307,"column":35},"end":{"line":307,"column":56}}},"22":{"name":"(anonymous_33)","decl":{"start":{"line":319,"column":32},"end":{"line":319,"column":33}},"loc":{"start":{"line":320,"column":12},"end":{"line":320,"column":37}}},"23":{"name":"(anonymous_34)","decl":{"start":{"line":375,"column":33},"end":{"line":375,"column":34}},"loc":{"start":{"line":376,"column":18},"end":{"line":376,"column":37}}},"24":{"name":"(anonymous_35)","decl":{"start":{"line":398,"column":24},"end":{"line":398,"column":25}},"loc":{"start":{"line":398,"column":31},"end":{"line":398,"column":55}}},"25":{"name":"MessageBubble","decl":{"start":{"line":436,"column":42},"end":{"line":436,"column":55}},"loc":{"start":{"line":436,"column":89},"end":{"line":475,"column":1}}},"26":{"name":"(anonymous_37)","decl":{"start":{"line":461,"column":32},"end":{"line":461,"column":33}},"loc":{"start":{"line":462,"column":10},"end":{"line":462,"column":34}}},"27":{"name":"ToolCallCard","decl":{"start":{"line":478,"column":41},"end":{"line":478,"column":53}},"loc":{"start":{"line":478,"column":117},"end":{"line":561,"column":1}}},"28":{"name":"MarkdownRenderer","decl":{"start":{"line":564,"column":9},"end":{"line":564,"column":25}},"loc":{"start":{"line":564,"column":94},"end":{"line":609,"column":1}}},"29":{"name":"(anonymous_40)","decl":{"start":{"line":570,"column":10},"end":{"line":570,"column":14}},"loc":{"start":{"line":570,"column":48},"end":{"line":588,"column":11}}},"30":{"name":"(anonymous_41)","decl":{"start":{"line":589,"column":10},"end":{"line":589,"column":13}},"loc":{"start":{"line":589,"column":26},"end":{"line":599,"column":11}}},"31":{"name":"CodeBlock","decl":{"start":{"line":612,"column":9},"end":{"line":612,"column":18}},"loc":{"start":{"line":612,"column":73},"end":{"line":649,"column":1}}},"32":{"name":"(anonymous_43)","decl":{"start":{"line":615,"column":21},"end":{"line":615,"column":24}},"loc":{"start":{"line":615,"column":26},"end":{"line":619,"column":3}}},"33":{"name":"(anonymous_44)","decl":{"start":{"line":618,"column":15},"end":{"line":618,"column":18}},"loc":{"start":{"line":618,"column":21},"end":{"line":618,"column":37}}},"34":{"name":"QuickActionButton","decl":{"start":{"line":652,"column":9},"end":{"line":652,"column":26}},"loc":{"start":{"line":660,"column":1},"end":{"line":670,"column":1}}}},"branchMap":{"0":{"loc":{"start":{"line":49,"column":53},"end":{"line":49,"column":69}},"type":"binary-expr","locations":[{"start":{"line":49,"column":53},"end":{"line":49,"column":63}},{"start":{"line":49,"column":67},"end":{"line":49,"column":69}}]},"1":{"loc":{"start":{"line":67,"column":4},"end":{"line":71,"column":5}},"type":"if","locations":[{"start":{"line":67,"column":4},"end":{"line":71,"column":5}},{"start":{"line":69,"column":11},"end":{"line":71,"column":5}}]},"2":{"loc":{"start":{"line":75,"column":4},"end":{"line":79,"column":5}},"type":"if","locations":[{"start":{"line":75,"column":4},"end":{"line":79,"column":5}},{"start":{},"end":{}}]},"3":{"loc":{"start":{"line":77,"column":38},"end":{"line":77,"column":52}},"type":"binary-expr","locations":[{"start":{"line":77,"column":38},"end":{"line":77,"column":46}},{"start":{"line":77,"column":50},"end":{"line":77,"column":52}}]},"4":{"loc":{"start":{"line":84,"column":4},"end":{"line":86,"column":5}},"type":"if","locations":[{"start":{"line":84,"column":4},"end":{"line":86,"column":5}},{"start":{},"end":{}}]},"5":{"loc":{"start":{"line":105,"column":18},"end":{"line":105,"column":36}},"type":"binary-expr","locations":[{"start":{"line":105,"column":18},"end":{"line":105,"column":30}},{"start":{"line":105,"column":34},"end":{"line":105,"column":36}}]},"6":{"loc":{"start":{"line":113,"column":4},"end":{"line":113,"column":57}},"type":"if","locations":[{"start":{"line":113,"column":4},"end":{"line":113,"column":57}},{"start":{},"end":{}}]},"7":{"loc":{"start":{"line":113,"column":8},"end":{"line":113,"column":48}},"type":"binary-expr","locations":[{"start":{"line":113,"column":8},"end":{"line":113,"column":21}},{"start":{"line":113,"column":25},"end":{"line":113,"column":34}},{"start":{"line":113,"column":38},"end":{"line":113,"column":48}}]},"8":{"loc":{"start":{"line":128,"column":10},"end":{"line":178,"column":11}},"type":"switch","locations":[{"start":{"line":129,"column":12},"end":{"line":130,"column":20}},{"start":{"line":132,"column":12},"end":{"line":135,"column":20}},{"start":{"line":137,"column":12},"end":{"line":143,"column":20}},{"start":{"line":145,"column":12},"end":{"line":154,"column":20}},{"start":{"line":156,"column":12},"end":{"line":162,"column":20}},{"start":{"line":164,"column":12},"end":{"line":168,"column":20}},{"start":{"line":170,"column":12},"end":{"line":177,"column":20}}]},"9":{"loc":{"start":{"line":133,"column":29},"end":{"line":133,"column":70}},"type":"cond-expr","locations":[{"start":{"line":133,"column":51},"end":{"line":133,"column":55}},{"start":{"line":133,"column":55},"end":{"line":133,"column":70}}]},"10":{"loc":{"start":{"line":133,"column":29},"end":{"line":133,"column":55}},"type":"binary-expr","locations":[{"start":{"line":133,"column":29},"end":{"line":133,"column":55}},{"start":{"line":133,"column":51},"end":{"line":133,"column":55}}]},"11":{"loc":{"start":{"line":134,"column":26},"end":{"line":134,"column":58}},"type":"cond-expr","locations":[{"start":{"line":134,"column":53},"end":{"line":134,"column":57}},{"start":{"line":134,"column":57},"end":{"line":134,"column":58}}]},"12":{"loc":{"start":{"line":134,"column":26},"end":{"line":134,"column":57}},"type":"binary-expr","locations":[{"start":{"line":134,"column":26},"end":{"line":134,"column":57}},{"start":{"line":134,"column":53},"end":{"line":134,"column":57}}]},"13":{"loc":{"start":{"line":158,"column":32},"end":{"line":158,"column":67}},"type":"cond-expr","locations":[{"start":{"line":158,"column":38},"end":{"line":158,"column":61}},{"start":{"line":158,"column":63},"end":{"line":158,"column":67}}]},"14":{"loc":{"start":{"line":166,"column":24},"end":{"line":166,"column":61}},"type":"binary-expr","locations":[{"start":{"line":166,"column":24},"end":{"line":166,"column":52}},{"start":{"line":166,"column":56},"end":{"line":166,"column":61}}]},"15":{"loc":{"start":{"line":183,"column":6},"end":{"line":202,"column":7}},"type":"if","locations":[{"start":{"line":183,"column":6},"end":{"line":202,"column":7}},{"start":{},"end":{}}]},"16":{"loc":{"start":{"line":196,"column":23},"end":{"line":196,"column":90}},"type":"cond-expr","locations":[{"start":{"line":196,"column":51},"end":{"line":196,"column":78}},{"start":{"line":196,"column":81},"end":{"line":196,"column":90}}]},"17":{"loc":{"start":{"line":215,"column":4},"end":{"line":218,"column":5}},"type":"if","locations":[{"start":{"line":215,"column":4},"end":{"line":218,"column":5}},{"start":{},"end":{}}]},"18":{"loc":{"start":{"line":215,"column":8},"end":{"line":215,"column":40}},"type":"binary-expr","locations":[{"start":{"line":215,"column":8},"end":{"line":215,"column":25}},{"start":{"line":215,"column":29},"end":{"line":215,"column":40}}]},"19":{"loc":{"start":{"line":237,"column":14},"end":{"line":237,"column":null}},"type":"cond-expr","locations":[{"start":{"line":237,"column":26},"end":{"line":237,"column":56}},{"start":{"line":237,"column":59},"end":{"line":237,"column":null}}]},"20":{"loc":{"start":{"line":246,"column":11},"end":{"line":254,"column":null}},"type":"binary-expr","locations":[{"start":{"line":246,"column":11},"end":{"line":246,"column":20}},{"start":{"line":247,"column":12},"end":{"line":253,"column":null}}]},"21":{"loc":{"start":{"line":256,"column":11},"end":{"line":259,"column":null}},"type":"binary-expr","locations":[{"start":{"line":256,"column":11},"end":{"line":256,"column":21}},{"start":{"line":256,"column":25},"end":{"line":256,"column":34}},{"start":{"line":257,"column":12},"end":{"line":258,"column":null}}]},"22":{"loc":{"start":{"line":266,"column":59},"end":{"line":266,"column":163}},"type":"cond-expr","locations":[{"start":{"line":266,"column":72},"end":{"line":266,"column":106}},{"start":{"line":266,"column":109},"end":{"line":266,"column":163}}]},"23":{"loc":{"start":{"line":286,"column":11},"end":{"line":315,"column":null}},"type":"binary-expr","locations":[{"start":{"line":286,"column":11},"end":{"line":286,"column":40}},{"start":{"line":286,"column":44},"end":{"line":286,"column":61}},{"start":{"line":288,"column":12},"end":{"line":314,"column":null}}]},"24":{"loc":{"start":{"line":324,"column":11},"end":{"line":339,"column":null}},"type":"binary-expr","locations":[{"start":{"line":324,"column":11},"end":{"line":324,"column":27}},{"start":{"line":325,"column":12},"end":{"line":338,"column":null}}]},"25":{"loc":{"start":{"line":335,"column":17},"end":{"line":336,"column":null}},"type":"binary-expr","locations":[{"start":{"line":335,"column":17},"end":{"line":335,"column":31}},{"start":{"line":336,"column":18},"end":{"line":336,"column":68}}]},"26":{"loc":{"start":{"line":343,"column":11},"end":{"line":356,"column":null}},"type":"binary-expr","locations":[{"start":{"line":343,"column":11},"end":{"line":343,"column":20}},{"start":{"line":343,"column":24},"end":{"line":343,"column":41}},{"start":{"line":344,"column":12},"end":{"line":355,"column":null}}]},"27":{"loc":{"start":{"line":364,"column":7},"end":{"line":388,"column":null}},"type":"binary-expr","locations":[{"start":{"line":364,"column":7},"end":{"line":364,"column":17}},{"start":{"line":365,"column":8},"end":{"line":387,"column":null}}]},"28":{"loc":{"start":{"line":371,"column":13},"end":{"line":385,"column":null}},"type":"cond-expr","locations":[{"start":{"line":372,"column":14},"end":{"line":372,"column":78}},{"start":{"line":374,"column":14},"end":{"line":384,"column":null}}]},"29":{"loc":{"start":{"line":378,"column":21},"end":{"line":381,"column":null}},"type":"binary-expr","locations":[{"start":{"line":378,"column":21},"end":{"line":378,"column":34}},{"start":{"line":379,"column":22},"end":{"line":380,"column":null}}]},"30":{"loc":{"start":{"line":409,"column":24},"end":{"line":409,"column":50}},"type":"binary-expr","locations":[{"start":{"line":409,"column":24},"end":{"line":409,"column":37}},{"start":{"line":409,"column":41},"end":{"line":409,"column":50}}]},"31":{"loc":{"start":{"line":440,"column":34},"end":{"line":440,"column":50}},"type":"cond-expr","locations":[{"start":{"line":440,"column":43},"end":{"line":440,"column":45}},{"start":{"line":440,"column":48},"end":{"line":440,"column":50}}]},"32":{"loc":{"start":{"line":444,"column":10},"end":{"line":446,"column":null}},"type":"cond-expr","locations":[{"start":{"line":445,"column":14},"end":{"line":445,"column":56}},{"start":{"line":446,"column":14},"end":{"line":446,"column":null}}]},"33":{"loc":{"start":{"line":449,"column":48},"end":{"line":449,"column":92}},"type":"cond-expr","locations":[{"start":{"line":449,"column":57},"end":{"line":449,"column":72}},{"start":{"line":449,"column":75},"end":{"line":449,"column":92}}]},"34":{"loc":{"start":{"line":450,"column":11},"end":{"line":450,"column":30}},"type":"cond-expr","locations":[{"start":{"line":450,"column":20},"end":{"line":450,"column":23}},{"start":{"line":450,"column":26},"end":{"line":450,"column":30}}]},"35":{"loc":{"start":{"line":461,"column":9},"end":{"line":463,"column":10}},"type":"cond-expr","locations":[{"start":{"line":461,"column":26},"end":{"line":461,"column":28}},{"start":{"line":461,"column":26},"end":{"line":463,"column":10}}]},"36":{"loc":{"start":{"line":461,"column":9},"end":{"line":461,"column":28}},"type":"binary-expr","locations":[{"start":{"line":461,"column":9},"end":{"line":461,"column":28}},{"start":{"line":461,"column":26},"end":{"line":461,"column":28}}]},"37":{"loc":{"start":{"line":466,"column":9},"end":{"line":470,"column":null}},"type":"binary-expr","locations":[{"start":{"line":466,"column":10},"end":{"line":466,"column":30}},{"start":{"line":466,"column":34},"end":{"line":466,"column":55}},{"start":{"line":467,"column":10},"end":{"line":469,"column":null}}]},"38":{"loc":{"start":{"line":468,"column":13},"end":{"line":468,"column":91}},"type":"binary-expr","locations":[{"start":{"line":468,"column":13},"end":{"line":468,"column":33}},{"start":{"line":468,"column":37},"end":{"line":468,"column":91}}]},"39":{"loc":{"start":{"line":469,"column":13},"end":{"line":469,"column":93}},"type":"binary-expr","locations":[{"start":{"line":469,"column":13},"end":{"line":469,"column":34}},{"start":{"line":469,"column":38},"end":{"line":469,"column":93}}]},"40":{"loc":{"start":{"line":480,"column":20},"end":{"line":480,"column":46}},"type":"binary-expr","locations":[{"start":{"line":480,"column":20},"end":{"line":480,"column":28}},{"start":{"line":480,"column":32},"end":{"line":480,"column":46}}]},"41":{"loc":{"start":{"line":485,"column":8},"end":{"line":489,"column":null}},"type":"cond-expr","locations":[{"start":{"line":486,"column":12},"end":{"line":486,"column":44}},{"start":{"line":487,"column":12},"end":{"line":489,"column":null}}]},"42":{"loc":{"start":{"line":487,"column":12},"end":{"line":489,"column":null}},"type":"cond-expr","locations":[{"start":{"line":488,"column":12},"end":{"line":488,"column":50}},{"start":{"line":489,"column":12},"end":{"line":489,"column":null}}]},"43":{"loc":{"start":{"line":496,"column":12},"end":{"line":498,"column":null}},"type":"cond-expr","locations":[{"start":{"line":497,"column":16},"end":{"line":497,"column":44}},{"start":{"line":498,"column":16},"end":{"line":498,"column":null}}]},"44":{"loc":{"start":{"line":502,"column":11},"end":{"line":503,"column":null}},"type":"binary-expr","locations":[{"start":{"line":502,"column":11},"end":{"line":502,"column":19}},{"start":{"line":503,"column":12},"end":{"line":503,"column":81}}]},"45":{"loc":{"start":{"line":507,"column":9},"end":{"line":508,"column":null}},"type":"binary-expr","locations":[{"start":{"line":507,"column":9},"end":{"line":507,"column":36}},{"start":{"line":508,"column":10},"end":{"line":508,"column":80}}]},"46":{"loc":{"start":{"line":521,"column":7},"end":{"line":539,"column":null}},"type":"binary-expr","locations":[{"start":{"line":521,"column":7},"end":{"line":521,"column":21}},{"start":{"line":522,"column":8},"end":{"line":538,"column":null}}]},"47":{"loc":{"start":{"line":525,"column":13},"end":{"line":525,"column":74}},"type":"binary-expr","locations":[{"start":{"line":525,"column":13},"end":{"line":525,"column":20}},{"start":{"line":525,"column":24},"end":{"line":525,"column":74}}]},"48":{"loc":{"start":{"line":526,"column":13},"end":{"line":526,"column":82}},"type":"binary-expr","locations":[{"start":{"line":526,"column":13},"end":{"line":526,"column":22}},{"start":{"line":526,"column":26},"end":{"line":526,"column":82}}]},"49":{"loc":{"start":{"line":530,"column":14},"end":{"line":530,"column":null}},"type":"cond-expr","locations":[{"start":{"line":530,"column":24},"end":{"line":530,"column":52}},{"start":{"line":530,"column":55},"end":{"line":530,"column":null}}]},"50":{"loc":{"start":{"line":533,"column":13},"end":{"line":537,"column":55}},"type":"cond-expr","locations":[{"start":{"line":534,"column":16},"end":{"line":536,"column":32}},{"start":{"line":537,"column":16},"end":{"line":537,"column":55}}]},"51":{"loc":{"start":{"line":534,"column":16},"end":{"line":536,"column":32}},"type":"cond-expr","locations":[{"start":{"line":535,"column":18},"end":{"line":535,"column":102}},{"start":{"line":536,"column":18},"end":{"line":536,"column":32}}]},"52":{"loc":{"start":{"line":543,"column":7},"end":{"line":557,"column":null}},"type":"binary-expr","locations":[{"start":{"line":543,"column":7},"end":{"line":543,"column":34}},{"start":{"line":544,"column":8},"end":{"line":556,"column":null}}]},"53":{"loc":{"start":{"line":548,"column":14},"end":{"line":552,"column":35}},"type":"cond-expr","locations":[{"start":{"line":549,"column":18},"end":{"line":549,"column":36}},{"start":{"line":550,"column":18},"end":{"line":552,"column":35}}]},"54":{"loc":{"start":{"line":550,"column":18},"end":{"line":552,"column":35}},"type":"cond-expr","locations":[{"start":{"line":551,"column":18},"end":{"line":551,"column":33}},{"start":{"line":552,"column":18},"end":{"line":552,"column":35}}]},"55":{"loc":{"start":{"line":571,"column":48},"end":{"line":571,"column":63}},"type":"binary-expr","locations":[{"start":{"line":571,"column":48},"end":{"line":571,"column":57}},{"start":{"line":571,"column":61},"end":{"line":571,"column":63}}]},"56":{"loc":{"start":{"line":572,"column":29},"end":{"line":572,"column":49}},"type":"binary-expr","locations":[{"start":{"line":572,"column":29},"end":{"line":572,"column":35}},{"start":{"line":572,"column":39},"end":{"line":572,"column":49}}]},"57":{"loc":{"start":{"line":573,"column":12},"end":{"line":582,"column":13}},"type":"if","locations":[{"start":{"line":573,"column":12},"end":{"line":582,"column":13}},{"start":{},"end":{}}]},"58":{"loc":{"start":{"line":594,"column":30},"end":{"line":594,"column":65}},"type":"binary-expr","locations":[{"start":{"line":594,"column":30},"end":{"line":594,"column":59}},{"start":{"line":594,"column":63},"end":{"line":594,"column":65}}]},"59":{"loc":{"start":{"line":594,"column":30},"end":{"line":594,"column":59}},"type":"cond-expr","locations":[{"start":{"line":594,"column":48},"end":{"line":594,"column":50}},{"start":{"line":594,"column":48},"end":{"line":594,"column":59}}]},"60":{"loc":{"start":{"line":594,"column":30},"end":{"line":594,"column":50}},"type":"binary-expr","locations":[{"start":{"line":594,"column":30},"end":{"line":594,"column":50}},{"start":{"line":594,"column":48},"end":{"line":594,"column":50}}]},"61":{"loc":{"start":{"line":594,"column":30},"end":{"line":594,"column":48}},"type":"cond-expr","locations":[{"start":{"line":594,"column":41},"end":{"line":594,"column":43}},{"start":{"line":594,"column":30},"end":{"line":594,"column":48}}]},"62":{"loc":{"start":{"line":594,"column":30},"end":{"line":594,"column":43}},"type":"binary-expr","locations":[{"start":{"line":594,"column":30},"end":{"line":594,"column":43}},{"start":{"line":594,"column":30},"end":{"line":594,"column":43}}]},"63":{"loc":{"start":{"line":596,"column":29},"end":{"line":596,"column":50}},"type":"cond-expr","locations":[{"start":{"line":596,"column":37},"end":{"line":596,"column":45}},{"start":{"line":596,"column":48},"end":{"line":596,"column":50}}]},"64":{"loc":{"start":{"line":597,"column":32},"end":{"line":597,"column":66}},"type":"binary-expr","locations":[{"start":{"line":597,"column":32},"end":{"line":597,"column":60}},{"start":{"line":597,"column":64},"end":{"line":597,"column":66}}]},"65":{"loc":{"start":{"line":597,"column":32},"end":{"line":597,"column":60}},"type":"cond-expr","locations":[{"start":{"line":597,"column":50},"end":{"line":597,"column":52}},{"start":{"line":597,"column":50},"end":{"line":597,"column":60}}]},"66":{"loc":{"start":{"line":597,"column":32},"end":{"line":597,"column":52}},"type":"binary-expr","locations":[{"start":{"line":597,"column":32},"end":{"line":597,"column":52}},{"start":{"line":597,"column":50},"end":{"line":597,"column":52}}]},"67":{"loc":{"start":{"line":597,"column":32},"end":{"line":597,"column":50}},"type":"cond-expr","locations":[{"start":{"line":597,"column":43},"end":{"line":597,"column":45}},{"start":{"line":597,"column":32},"end":{"line":597,"column":50}}]},"68":{"loc":{"start":{"line":597,"column":32},"end":{"line":597,"column":45}},"type":"binary-expr","locations":[{"start":{"line":597,"column":32},"end":{"line":597,"column":45}},{"start":{"line":597,"column":32},"end":{"line":597,"column":45}}]},"69":{"loc":{"start":{"line":604,"column":7},"end":{"line":605,"column":null}},"type":"binary-expr","locations":[{"start":{"line":604,"column":7},"end":{"line":604,"column":18}},{"start":{"line":605,"column":8},"end":{"line":605,"column":102}}]},"70":{"loc":{"start":{"line":625,"column":59},"end":{"line":625,"column":77}},"type":"binary-expr","locations":[{"start":{"line":625,"column":59},"end":{"line":625,"column":67}},{"start":{"line":625,"column":71},"end":{"line":625,"column":77}}]},"71":{"loc":{"start":{"line":630,"column":11},"end":{"line":638,"column":null}},"type":"cond-expr","locations":[{"start":{"line":631,"column":12},"end":{"line":631,"column":22}},{"start":{"line":633,"column":12},"end":{"line":636,"column":null}}]}},"s":{"0":0,"1":0,"2":0,"3":0,"4":0,"5":0,"6":0,"7":0,"8":0,"9":0,"10":0,"11":0,"12":0,"13":0,"14":0,"15":0,"16":0,"17":0,"18":0,"19":0,"20":0,"21":0,"22":0,"23":0,"24":0,"25":0,"26":0,"27":0,"28":0,"29":0,"30":0,"31":0,"32":0,"33":0,"34":0,"35":0,"36":0,"37":0,"38":0,"39":0,"40":0,"41":0,"42":0,"43":0,"44":0,"45":0,"46":0,"47":0,"48":0,"49":0,"50":0,"51":0,"52":0,"53":0,"54":0,"55":0,"56":0,"57":0,"58":0,"59":0,"60":0,"61":0,"62":0,"63":0,"64":0,"65":0,"66":0,"67":0,"68":0,"69":0,"70":0,"71":0,"72":0,"73":0,"74":0,"75":0,"76":0,"77":0,"78":0,"79":0,"80":0,"81":0,"82":0,"83":0,"84":0,"85":0,"86":0,"87":0,"88":0,"89":0,"90":0,"91":0,"92":0,"93":0,"94":0,"95":0,"96":0,"97":0,"98":0,"99":0,"100":0,"101":0,"102":0,"103":0,"104":0,"105":0,"106":0,"107":0,"108":0,"109":0,"110":0,"111":0,"112":0,"113":0,"114":0,"115":0,"116":0,"117":0,"118":0,"119":0,"120":0,"121":0,"122":0,"123":0,"124":0,"125":0,"126":0,"127":0,"128":0,"129":0,"130":0,"131":0,"132":0,"133":0,"134":0,"135":0,"136":0,"137":0,"138":0,"139":0,"140":0,"141":0,"142":0},"f":{"0":0,"1":0,"2":0,"3":0,"4":0,"5":0,"6":0,"7":0,"8":0,"9":0,"10":0,"11":0,"12":0,"13":0,"14":0,"15":0,"16":0,"17":0,"18":0,"19":0,"20":0,"21":0,"22":0,"23":0,"24":0,"25":0,"26":0,"27":0,"28":0,"29":0,"30":0,"31":0,"32":0,"33":0,"34":0},"b":{"0":[0,0],"1":[0,0],"2":[0,0],"3":[0,0],"4":[0,0],"5":[0,0],"6":[0,0],"7":[0,0,0],"8":[0,0,0,0,0,0,0],"9":[0,0],"10":[0,0],"11":[0,0],"12":[0,0],"13":[0,0],"14":[0,0],"15":[0,0],"16":[0,0],"17":[0,0],"18":[0,0],"19":[0,0],"20":[0,0],"21":[0,0,0],"22":[0,0],"23":[0,0,0],"24":[0,0],"25":[0,0],"26":[0,0,0],"27":[0,0],"28":[0,0],"29":[0,0],"30":[0,0],"31":[0,0],"32":[0,0],"33":[0,0],"34":[0,0],"35":[0,0],"36":[0,0],"37":[0,0,0],"38":[0,0],"39":[0,0],"40":[0,0],"41":[0,0],"42":[0,0],"43":[0,0],"44":[0,0],"45":[0,0],"46":[0,0],"47":[0,0],"48":[0,0],"49":[0,0],"50":[0,0],"51":[0,0],"52":[0,0],"53":[0,0],"54":[0,0],"55":[0,0],"56":[0,0],"57":[0,0],"58":[0,0],"59":[0,0],"60":[0,0],"61":[0,0],"62":[0,0],"63":[0,0],"64":[0,0],"65":[0,0],"66":[0,0],"67":[0,0],"68":[0,0],"69":[0,0],"70":[0,0],"71":[0,0]}}
,"/home/xxh/openclaw-harness/frontend/app/sessions/page.tsx": {"path":"/home/xxh/openclaw-harness/frontend/app/sessions/page.tsx","statementMap":{"0":{"start":{"line":18,"column":0},"end":{"line":18,"column":24}},"1":{"start":{"line":3,"column":0},"end":{"line":3,"column":34}},"2":{"start":{"line":4,"column":0},"end":{"line":4,"column":44}},"3":{"start":{"line":5,"column":0},"end":{"line":5,"column":71}},"4":{"start":{"line":6,"column":0},"end":{"line":6,"column":29}},"5":{"start":{"line":19,"column":50},"end":{"line":19,"column":105}},"6":{"start":{"line":20,"column":19},"end":{"line":20,"column":42}},"7":{"start":{"line":22,"column":23},"end":{"line":29,"column":3}},"8":{"start":{"line":23,"column":4},"end":{"line":23,"column":23}},"9":{"start":{"line":24,"column":4},"end":{"line":24,"column":24}},"10":{"start":{"line":25,"column":4},"end":{"line":28,"column":41}},"11":{"start":{"line":26,"column":6},"end":{"line":26,"column":58}},"12":{"start":{"line":27,"column":6},"end":{"line":27,"column":16}},"13":{"start":{"line":28,"column":20},"end":{"line":28,"column":39}},"14":{"start":{"line":31,"column":24},"end":{"line":38,"column":3}},"15":{"start":{"line":32,"column":4},"end":{"line":32,"column":23}},"16":{"start":{"line":33,"column":4},"end":{"line":33,"column":24}},"17":{"start":{"line":34,"column":4},"end":{"line":37,"column":41}},"18":{"start":{"line":35,"column":6},"end":{"line":35,"column":59}},"19":{"start":{"line":36,"column":6},"end":{"line":36,"column":16}},"20":{"start":{"line":37,"column":20},"end":{"line":37,"column":39}},"21":{"start":{"line":40,"column":24},"end":{"line":48,"column":3}},"22":{"start":{"line":41,"column":4},"end":{"line":41,"column":23}},"23":{"start":{"line":42,"column":4},"end":{"line":42,"column":24}},"24":{"start":{"line":43,"column":4},"end":{"line":43,"column":46}},"25":{"start":{"line":43,"column":39},"end":{"line":43,"column":46}},"26":{"start":{"line":44,"column":4},"end":{"line":47,"column":41}},"27":{"start":{"line":45,"column":6},"end":{"line":45,"column":55}},"28":{"start":{"line":46,"column":6},"end":{"line":46,"column":16}},"29":{"start":{"line":47,"column":20},"end":{"line":47,"column":39}},"30":{"start":{"line":50,"column":2},"end":{"line":138,"column":4}},"31":{"start":{"line":69,"column":57},"end":{"line":69,"column":78}},"32":{"start":{"line":70,"column":58},"end":{"line":70,"column":79}},"33":{"start":{"line":71,"column":63},"end":{"line":71,"column":92}},"34":{"start":{"line":73,"column":12},"end":{"line":73,"column":34}},"35":{"start":{"line":83,"column":14},"end":{"line":83,"column":27}},"36":{"start":{"line":96,"column":14},"end":{"line":97,"column":null}},"37":{"start":{"line":123,"column":46},"end":{"line":123,"column":73}},"38":{"start":{"line":126,"column":46},"end":{"line":126,"column":74}},"39":{"start":{"line":128,"column":44},"end":{"line":128,"column":93}}},"fnMap":{"0":{"name":"SessionsPage","decl":{"start":{"line":18,"column":24},"end":{"line":18,"column":36}},"loc":{"start":{"line":18,"column":36},"end":{"line":139,"column":1}}},"1":{"name":"(anonymous_2)","decl":{"start":{"line":22,"column":23},"end":{"line":22,"column":28}},"loc":{"start":{"line":22,"column":72},"end":{"line":29,"column":3}}},"2":{"name":"(anonymous_3)","decl":{"start":{"line":31,"column":24},"end":{"line":31,"column":29}},"loc":{"start":{"line":31,"column":73},"end":{"line":38,"column":3}}},"3":{"name":"(anonymous_4)","decl":{"start":{"line":40,"column":24},"end":{"line":40,"column":29}},"loc":{"start":{"line":40,"column":88},"end":{"line":48,"column":3}}},"4":{"name":"(anonymous_5)","decl":{"start":{"line":69,"column":50},"end":{"line":69,"column":51}},"loc":{"start":{"line":69,"column":57},"end":{"line":69,"column":78}}},"5":{"name":"(anonymous_6)","decl":{"start":{"line":70,"column":51},"end":{"line":70,"column":52}},"loc":{"start":{"line":70,"column":58},"end":{"line":70,"column":79}}},"6":{"name":"(anonymous_7)","decl":{"start":{"line":71,"column":51},"end":{"line":71,"column":52}},"loc":{"start":{"line":71,"column":63},"end":{"line":71,"column":92}}},"7":{"name":"(anonymous_8)","decl":{"start":{"line":72,"column":16},"end":{"line":72,"column":17}},"loc":{"start":{"line":73,"column":12},"end":{"line":73,"column":34}}},"8":{"name":"(anonymous_9)","decl":{"start":{"line":82,"column":31},"end":{"line":82,"column":32}},"loc":{"start":{"line":83,"column":14},"end":{"line":83,"column":27}}},"9":{"name":"(anonymous_10)","decl":{"start":{"line":95,"column":26},"end":{"line":95,"column":27}},"loc":{"start":{"line":96,"column":14},"end":{"line":97,"column":null}}},"10":{"name":"(anonymous_11)","decl":{"start":{"line":123,"column":39},"end":{"line":123,"column":40}},"loc":{"start":{"line":123,"column":46},"end":{"line":123,"column":73}}},"11":{"name":"(anonymous_12)","decl":{"start":{"line":126,"column":39},"end":{"line":126,"column":40}},"loc":{"start":{"line":126,"column":46},"end":{"line":126,"column":74}}},"12":{"name":"(anonymous_13)","decl":{"start":{"line":128,"column":37},"end":{"line":128,"column":38}},"loc":{"start":{"line":128,"column":44},"end":{"line":128,"column":93}}}},"branchMap":{"0":{"loc":{"start":{"line":20,"column":19},"end":{"line":20,"column":42}},"type":"binary-expr","locations":[{"start":{"line":20,"column":19},"end":{"line":20,"column":36}},{"start":{"line":20,"column":40},"end":{"line":20,"column":42}}]},"1":{"loc":{"start":{"line":20,"column":19},"end":{"line":20,"column":36}},"type":"cond-expr","locations":[{"start":{"line":20,"column":30},"end":{"line":20,"column":32}},{"start":{"line":20,"column":19},"end":{"line":20,"column":36}}]},"2":{"loc":{"start":{"line":20,"column":19},"end":{"line":20,"column":32}},"type":"binary-expr","locations":[{"start":{"line":20,"column":19},"end":{"line":20,"column":32}},{"start":{"line":20,"column":19},"end":{"line":20,"column":32}}]},"3":{"loc":{"start":{"line":43,"column":4},"end":{"line":43,"column":46}},"type":"if","locations":[{"start":{"line":43,"column":4},"end":{"line":43,"column":46}},{"start":{},"end":{}}]},"4":{"loc":{"start":{"line":71,"column":70},"end":{"line":71,"column":91}},"type":"binary-expr","locations":[{"start":{"line":71,"column":70},"end":{"line":71,"column":86}},{"start":{"line":71,"column":90},"end":{"line":71,"column":91}}]},"5":{"loc":{"start":{"line":80,"column":9},"end":{"line":134,"column":null}},"type":"cond-expr","locations":[{"start":{"line":81,"column":10},"end":{"line":84,"column":null}},{"start":{"line":86,"column":12},"end":{"line":134,"column":null}}]},"6":{"loc":{"start":{"line":86,"column":12},"end":{"line":134,"column":null}},"type":"cond-expr","locations":[{"start":{"line":87,"column":10},"end":{"line":91,"column":null}},{"start":{"line":94,"column":10},"end":{"line":133,"column":null}}]},"7":{"loc":{"start":{"line":103,"column":20},"end":{"line":105,"column":null}},"type":"cond-expr","locations":[{"start":{"line":103,"column":50},"end":{"line":103,"column":66}},{"start":{"line":104,"column":20},"end":{"line":105,"column":null}}]},"8":{"loc":{"start":{"line":104,"column":20},"end":{"line":105,"column":null}},"type":"cond-expr","locations":[{"start":{"line":104,"column":50},"end":{"line":104,"column":65}},{"start":{"line":105,"column":20},"end":{"line":105,"column":null}}]},"9":{"loc":{"start":{"line":105,"column":20},"end":{"line":105,"column":null}},"type":"cond-expr","locations":[{"start":{"line":105,"column":53},"end":{"line":105,"column":66}},{"start":{"line":105,"column":69},"end":{"line":105,"column":null}}]},"10":{"loc":{"start":{"line":109,"column":23},"end":{"line":109,"column":47}},"type":"binary-expr","locations":[{"start":{"line":109,"column":23},"end":{"line":109,"column":36}},{"start":{"line":109,"column":40},"end":{"line":109,"column":47}}]},"11":{"loc":{"start":{"line":112,"column":58},"end":{"line":112,"column":85}},"type":"binary-expr","locations":[{"start":{"line":112,"column":58},"end":{"line":112,"column":80}},{"start":{"line":112,"column":84},"end":{"line":112,"column":85}}]},"12":{"loc":{"start":{"line":118,"column":66},"end":{"line":118,"column":101}},"type":"binary-expr","locations":[{"start":{"line":118,"column":66},"end":{"line":118,"column":95}},{"start":{"line":118,"column":99},"end":{"line":118,"column":101}}]},"13":{"loc":{"start":{"line":119,"column":21},"end":{"line":119,"column":68}},"type":"binary-expr","locations":[{"start":{"line":119,"column":21},"end":{"line":119,"column":50}},{"start":{"line":119,"column":54},"end":{"line":119,"column":68}}]},"14":{"loc":{"start":{"line":122,"column":21},"end":{"line":123,"column":null}},"type":"binary-expr","locations":[{"start":{"line":122,"column":21},"end":{"line":122,"column":48}},{"start":{"line":123,"column":22},"end":{"line":123,"column":180}}]},"15":{"loc":{"start":{"line":125,"column":21},"end":{"line":126,"column":null}},"type":"binary-expr","locations":[{"start":{"line":125,"column":21},"end":{"line":125,"column":48}},{"start":{"line":126,"column":22},"end":{"line":126,"column":184}}]},"16":{"loc":{"start":{"line":128,"column":73},"end":{"line":128,"column":92}},"type":"binary-expr","locations":[{"start":{"line":128,"column":73},"end":{"line":128,"column":86}},{"start":{"line":128,"column":90},"end":{"line":128,"column":92}}]}},"s":{"0":0,"1":0,"2":0,"3":0,"4":0,"5":0,"6":0,"7":0,"8":0,"9":0,"10":0,"11":0,"12":0,"13":0,"14":0,"15":0,"16":0,"17":0,"18":0,"19":0,"20":0,"21":0,"22":0,"23":0,"24":0,"25":0,"26":0,"27":0,"28":0,"29":0,"30":0,"31":0,"32":0,"33":0,"34":0,"35":0,"36":0,"37":0,"38":0,"39":0},"f":{"0":0,"1":0,"2":0,"3":0,"4":0,"5":0,"6":0,"7":0,"8":0,"9":0,"10":0,"11":0,"12":0},"b":{"0":[0,0],"1":[0,0],"2":[0,0],"3":[0,0],"4":[0,0],"5":[0,0],"6":[0,0],"7":[0,0],"8":[0,0],"9":[0,0],"10":[0,0],"11":[0,0],"12":[0,0],"13":[0,0],"14":[0,0],"15":[0,0],"16":[0,0]}}
[...]
line":104,"column":27}},"44":{"start":{"line":112,"column":14},"end":{"line":113,"column":null}},"45":{"start":{"line":144,"column":47},"end":{"line":144,"column":64}},"46":{"start":{"line":147,"column":47},"end":{"line":147,"column":66}},"47":{"start":{"line":163,"column":22},"end":{"line":163,"column":38}}},"fnMap":{"0":{"name":"TasksPage","decl":{"start":{"line":21,"column":24},"end":{"line":21,"column":33}},"loc":{"start":{"line":21,"column":33},"end":{"line":176,"column":1}}},"1":{"name":"(anonymous_2)","decl":{"start":{"line":26,"column":12},"end":{"line":26,"column":15}},"loc":{"start":{"line":26,"column":17},"end":{"line":28,"column":3}}},"2":{"name":"(anonymous_3)","decl":{"start":{"line":30,"column":20},"end":{"line":30,"column":25}},"loc":{"start":{"line":30,"column":31},"end":{"line":39,"column":3}}},"3":{"name":"(anonymous_4)","decl":{"start":{"line":41,"column":19},"end":{"line":41,"column":24}},"loc":{"start":{"line":41,"column":44},"end":{"line":47,"column":3}}},"4":{"name":"(anonymous_5)","decl":{"start":{"line":45,"column":25},"end":{"line":45,"column":26}},"loc":{"start":{"line":45,"column":32},"end":{"line":45,"column":81}}},"5":{"name":"(anonymous_6)","decl":{"start":{"line":49,"column":21},"end":{"line":49,"column":26}},"loc":{"start":{"line":49,"column":46},"end":{"line":55,"column":3}}},"6":{"name":"(anonymous_7)","decl":{"start":{"line":53,"column":28},"end":{"line":53,"column":29}},"loc":{"start":{"line":53,"column":35},"end":{"line":53,"column":50}}},"7":{"name":"(anonymous_8)","decl":{"start":{"line":57,"column":32},"end":{"line":57,"column":33}},"loc":{"start":{"line":57,"column":38},"end":{"line":60,"column":3}}},"8":{"name":"(anonymous_9)","decl":{"start":{"line":64,"column":26},"end":{"line":64,"column":27}},"loc":{"start":{"line":64,"column":33},"end":{"line":64,"column":55}}},"9":{"name":"(anonymous_10)","decl":{"start":{"line":65,"column":28},"end":{"line":65,"column":29}},"loc":{"start":{"line":65,"column":35},"end":{"line":65,"column":59}}},"10":{"name":"(anonymous_11)","decl":{"start":{"line":66,"column":25},"end":{"line":66,"column":26}},"loc":{"start":{"line":66,"column":32},"end":{"line":66,"column":53}}},"11":{"name":"(anonymous_12)","decl":{"start":{"line":67,"column":26},"end":{"line":67,"column":27}},"loc":{"start":{"line":67,"column":33},"end":{"line":67,"column":55}}},"12":{"name":"(anonymous_13)","decl":{"start":{"line":87,"column":16},"end":{"line":87,"column":17}},"loc":{"start":{"line":88,"column":12},"end":{"line":89,"column":null}}},"13":{"name":"(anonymous_14)","decl":{"start":{"line":90,"column":23},"end":{"line":90,"column":26}},"loc":{"start":{"line":90,"column":29},"end":{"line":90,"column":45}}},"14":{"name":"(anonymous_15)","decl":{"start":{"line":103,"column":31},"end":{"line":103,"column":32}},"loc":{"start":{"line":104,"column":14},"end":{"line":104,"column":27}}},"15":{"name":"(anonymous_16)","decl":{"start":{"line":111,"column":26},"end":{"line":111,"column":27}},"loc":{"start":{"line":112,"column":14},"end":{"line":113,"column":null}}},"16":{"name":"(anonymous_17)","decl":{"start":{"line":144,"column":41},"end":{"line":144,"column":44}},"loc":{"start":{"line":144,"column":47},"end":{"line":144,"column":64}}},"17":{"name":"(anonymous_18)","decl":{"start":{"line":147,"column":41},"end":{"line":147,"column":44}},"loc":{"start":{"line":147,"column":47},"end":{"line":147,"column":66}}},"18":{"name":"(anonymous_19)","decl":{"start":{"line":162,"column":41},"end":{"line":162,"column":42}},"loc":{"start":{"line":163,"column":22},"end":{"line":163,"column":38}}}},"branchMap":{"0":{"loc":{"start":{"line":33,"column":15},"end":{"line":33,"column":29}},"type":"binary-expr","locations":[{"start":{"line":33,"column":15},"end":{"line":33,"column":23}},{"start":{"line":33,"column":27},"end":{"line":33,"column":29}}]},"1":{"loc":{"start":{"line":42,"column":4},"end":{"line":42,"column":37}},"type":"if","locations":[{"start":{"line":42,"column":4},"end":{"line":42,"column":37}},{"start":{},"end":{}}]},"2":{"loc":{"start":{"line":45,"column":32},"end":{"line":45,"column":81}},"type":"cond-expr","locations":[{"start":{"line":45,"column":49},"end":{"line":45,"column":78}},{"start":{"line":45,"column":80},"end":{"line":45,"column":81}}]},"3":{"loc":{"start":{"line":50,"column":4},"end":{"line":50,"column":37}},"type":"if","locations":[{"start":{"line":50,"column":4},"end":{"line":50,"column":37}},{"start":{},"end":{}}]},"4":{"loc":{"start":{"line":58,"column":4},"end":{"line":58,"column":38}},"type":"if","locations":[{"start":{"line":58,"column":4},"end":{"line":58,"column":38}},{"start":{},"end":{}}]},"5":{"loc":{"start":{"line":92,"column":16},"end":{"line":92,"column":null}},"type":"cond-expr","locations":[{"start":{"line":92,"column":35},"end":{"line":92,"column":60}},{"start":{"line":92,"column":63},"end":{"line":92,"column":null}}]},"6":{"loc":{"start":{"line":101,"column":9},"end":{"line":171,"column":null}},"type":"cond-expr","locations":[{"start":{"line":102,"column":10},"end":{"line":105,"column":null}},{"start":{"line":107,"column":12},"end":{"line":171,"column":null}}]},"7":{"loc":{"start":{"line":107,"column":12},"end":{"line":171,"column":null}},"type":"cond-expr","locations":[{"start":{"line":108,"column":10},"end":{"line":108,"column":83}},{"start":{"line":110,"column":10},"end":{"line":170,"column":null}}]},"8":{"loc":{"start":{"line":119,"column":22},"end":{"line":122,"column":null}},"type":"cond-expr","locations":[{"start":{"line":119,"column":50},"end":{"line":119,"column":77}},{"start":{"line":120,"column":22},"end":{"line":122,"column":null}}]},"9":{"loc":{"start":{"line":120,"column":22},"end":{"line":122,"column":null}},"type":"cond-expr","locations":[{"start":{"line":120,"column":52},"end":{"line":120,"column":65}},{"start":{"line":121,"column":22},"end":{"line":122,"column":null}}]},"10":{"loc":{"start":{"line":121,"column":22},"end":{"line":122,"column":null}},"type":"cond-expr","locations":[{"start":{"line":121,"column":49},"end":{"line":121,"column":61}},{"start":{"line":122,"column":22},"end":{"line":122,"column":null}}]},"11":{"loc":{"start":{"line":122,"column":22},"end":{"line":122,"column":null}},"type":"cond-expr","locations":[{"start":{"line":122,"column":50},"end":{"line":122,"column":65}},{"start":{"line":122,"column":68},"end":{"line":122,"column":null}}]},"12":{"loc":{"start":{"line":126,"column":23},"end":{"line":127,"column":null}},"type":"binary-expr","locations":[{"start":{"line":126,"column":23},"end":{"line":126,"column":39}},{"start":{"line":127,"column":24},"end":{"line":127,"column":113}}]},"13":{"loc":{"start":{"line":133,"column":21},"end":{"line":136,"column":null}},"type":"binary-expr","locations":[{"start":{"line":133,"column":21},"end":{"line":133,"column":42}},{"start":{"line":133,"column":46},"end":{"line":133,"column":71}},{"start":{"line":134,"column":22},"end":{"line":135,"column":null}}]},"14":{"loc":{"start":{"line":138,"column":68},"end":{"line":138,"column":100}},"type":"binary-expr","locations":[{"start":{"line":138,"column":68},"end":{"line":138,"column":94}},{"start":{"line":138,"column":98},"end":{"line":138,"column":100}}]},"15":{"loc":{"start":{"line":139,"column":23},"end":{"line":139,"column":64}},"type":"binary-expr","locations":[{"start":{"line":139,"column":23},"end":{"line":139,"column":49}},{"start":{"line":139,"column":53},"end":{"line":139,"column":64}}]},"16":{"loc":{"start":{"line":143,"column":23},"end":{"line":144,"column":null}},"type":"binary-expr","locations":[{"start":{"line":143,"column":23},"end":{"line":143,"column":48}},{"start":{"line":144,"column":24},"end":{"line":144,"column":171}}]},"17":{"loc":{"start":{"line":146,"column":23},"end":{"line":147,"column":null}},"type":"binary-expr","locations":[{"start":{"line":146,"column":24},"end":{"line":146,"column":51}},{"start":{"line":146,"column":55},"end":{"line":146,"column":79}},{"start":{"line":146,"column":83},"end":{"line":146,"column":108}},{"start":{"line":147,"column":24},"end":{"line":147,"column":164}}]},"18":{"loc":{"start":{"line":153,"column":17},"end":{"line":156,"column":null}},"type":"binary-expr","locations":[{"start":{"line":153,"column":17},"end":{"line":153,"column":27}},{"start":{"line":154,"column":18},"end":{"line":155,"column":null}}]},"19":{"loc":{"start":{"line":159,"column":17},"end":{"line":167,"column":null}},"type":"binary-expr","locations":[{"start":{"line":159,"column":17},"end":{"line":159,"column":32}},{"start":{"line":159,"column":36},"end":{"line":159,"column":62}},{"start":{"line":160,"column":18},"end":{"line":166,"column":null}}]}},"s":{"0":0,"1":0,"2":0,"3":0,"4":0,"5":0,"6":0,"7":0,"8":0,"9":0,"10":0,"11":0,"12":0,"13":0,"14":0,"15":0,"16":0,"17":0,"18":0,"19":0,"20":0,"21":0,"22":0,"23":0,"24":0,"25":0,"26":0,"27":0,"28":0,"29":0,"30":0,"31":0,"32":0,"33":0,"34":0,"35":0,"36":0,"37":0,"38":0,"39":0,"40":0,"41":0,"42":0,"43":0,"44":0,"45":0,"46":0,"47":0},"f":{"0":0,"1":0,"2":0,"3":0,"4":0,"5":0,"6":0,"7":0,"8":0,"9":0,"10":0,"11":0,"12":0,"13":0,"14":0,"15":0,"16":0,"17":0,"18":0},"b":{"0":[0,0],"1":[0,0],"2":[0,0],"3":[0,0],"4":[0,0],"5":[0,0],"6":[0,0],"7":[0,0],"8":[0,0],"9":[0,0],"10":[0,0],"11":[0,0],"12":[0,0],"13":[0,0,0],"14":[0,0],"15":[0,0],"16":[0,0],"17":[0,0,0,0],"18":[0,0],"19":[0,0,0]}}
,"/home/xxh/openclaw-harness/frontend/app/tools/page.tsx": {"path":"/home/xxh/openclaw-harness/frontend/app/tools/page.tsx","statementMap":{"0":{"start":{"line":41,"column":0},"end":{"line":41,"column":24}},"1":{"start":{"line":3,"column":0},"end":{"line":3,"column":42}},"2":{"start":{"line":4,"column":0},"end":{"line":4,"column":44}},"3":{"start":{"line":5,"column":0},"end":{"line":5,"column":39}},"4":{"start":{"line":24,"column":48},"end":{"line":33,"column":2}},"5":{"start":{"line":36,"column":2},"end":{"line":36,"column":38}},"6":{"start":{"line":36,"column":22},"end":{"line":36,"column":38}},"7":{"start":{"line":37,"column":2},"end":{"line":37,"column":49}},"8":{"start":{"line":37,"column":32},"end":{"line":37,"column":49}},"9":{"start":{"line":38,"column":2},"end":{"line":38,"column":16}},"10":{"start":{"line":42,"column":52},"end":{"line":42,"column":127}},"11":{"start":{"line":43,"column":48},"end":{"line":43,"column":107}},"12":{"start":{"line":44,"column":18},"end":{"line":44,"column":44}},"13":{"start":{"line":45,"column":50},"end":{"line":45,"column":65}},"14":{"start":{"line":46,"column":40},"end":{"line":46,"column":52}},"15":{"start":{"line":48,"column":16},"end":{"line":60,"column":16}},"16":{"start":{"line":49,"column":4},"end":{"line":49,"column":29}},"17":{"start":{"line":49,"column":19},"end":{"line":49,"column":29}},"18":{"start":{"line":50,"column":33},"end":{"line":50,"column":35}},"19":{"start":{"line":51,"column":4},"end":{"line":58,"column":5}},"20":{"start":{"line":52,"column":6},"end":{"line":57,"column":7}},"21":{"start":{"line":53,"column":8},"end":{"line":56,"column":11}},"22":{"start":{"line":59,"column":4},"end":{"line":59,"column":20}},"23":{"start":{"line":62,"column":21},"end":{"line":62,"column":45}},"24":{"start":{"line":64,"column":19},"end":{"line":69,"column":4}},"25":{"start":{"line":65,"column":4},"end":{"line":65,"column":84}},"26":{"start":{"line":65,"column":71},"end":{"line":65,"column":84}},"27":{"start":{"line":66,"column":4},"end":{"line":67,"column":87}},"28":{"start":{"line":67,"column":74},"end":{"line":67,"column":87}},"29":{"start":{"line":68,"column":4},"end":{"line":68,"column":16}},"30":{"start":{"line":71,"column":2},"end":{"line":165,"column":4}},"31":{"start":{"line":84,"column":29},"end":{"line":84,"column":59}},"32":{"start":{"line":89,"column":29},"end":{"line":89,"column":55}},"33":{"start":{"line":99,"column":14},"end":{"line":100,"column":null}},"34":{"start":{"line":101,"column":31},"end":{"line":101,"column":58}},"35":{"start":{"line":117,"column":14},"end":{"line":117,"column":27}},"36":{"start":{"line":125,"column":14},"end":{"line":126,"column":null}},"37":{"start":{"line":147,"column":24},"end":{"line":147,"column":42}}},"fnMap":{"0":{"name":"getDangerLevel","decl":{"start":{"line":35,"column":9},"end":{"line":35,"column":23}},"loc":{"start":{"line":35,"column":84},"end":{"line":39,"column":1}}},"1":{"name":"ToolsPage","decl":{"start":{"line":41,"column":24},"end":{"line":41,"column":33}},"loc":{"start":{"line":41,"column":33},"end":{"line":166,"column":1}}},"2":{"name":"(anonymous_2)","decl":{"start":{"line":48,"column":24},"end":{"line":48,"column":27}},"loc":{"start":{"line":48,"column":29},"end":{"line":60,"column":3}}},"3":{"name":"(anonymous_3)","decl":{"start":{"line":64,"column":32},"end":{"line":64,"column":33}},"loc":{"start":{"line":64,"column":38},"end":{"line":69,"column":3}}},"4":{"name":"(anonymous_4)","decl":{"start":{"line":84,"column":22},"end":{"line":84,"column":23}},"loc":{"start":{"line":84,"column":29},"end":{"line":84,"column":59}}},"5":{"name":"(anonymous_5)","decl":{"start":{"line":89,"column":23},"end":{"line":89,"column":26}},"loc":{"start":{"line":89,"column":29},"end":{"line":89,"column":55}}},"6":{"name":"(anonymous_6)","decl":{"start":{"line":98,"column":28},"end":{"line":98,"column":29}},"loc":{"start":{"line":99,"column":14},"end":{"line":100,"column":null}}},"7":{"name":"(anonymous_7)","decl":{"start":{"line":101,"column":25},"end":{"line":101,"column":28}},"loc":{"start":{"line":101,"column":31},"end":{"line":101,"column":58}}},"8":{"name":"(anonymous_8)","decl":{"start":{"line":116,"column":31},"end":{"line":116,"column":32}},"loc":{"start":{"line":117,"column":14},"end":{"line":117,"column":27}}},"9":{"name":"(anonymous_9)","decl":{"start":{"line":124,"column":26},"end":{"line":124,"column":27}},"loc":{"start":{"line":125,"column":14},"end":{"line":126,"column":null}}},"10":{"name":"(anonymous_10)","decl":{"start":{"line":146,"column":108},"end":{"line":146,"column":109}},"loc":{"start":{"line":147,"column":24},"end":{"line":147,"column":42}}}},"branchMap":{"0":{"loc":{"start":{"line":36,"column":2},"end":{"line":36,"column":38}},"type":"if","locations":[{"start":{"line":36,"column":2},"end":{"line":36,"column":38}},{"start":{},"end":{}}]},"1":{"loc":{"start":{"line":37,"column":2},"end":{"line":37,"column":49}},"type":"if","locations":[{"start":{"line":37,"column":2},"end":{"line":37,"column":49}},{"start":{},"end":{}}]},"2":{"loc":{"start":{"line":44,"column":18},"end":{"line":44,"column":44}},"type":"binary-expr","locations":[{"start":{"line":44,"column":18},"end":{"line":44,"column":30}},{"start":{"line":44,"column":34},"end":{"line":44,"column":44}}]},"3":{"loc":{"start":{"line":49,"column":4},"end":{"line":49,"column":29}},"type":"if","locations":[{"start":{"line":49,"column":4},"end":{"line":49,"column":29}},{"start":{},"end":{}}]},"4":{"loc":{"start":{"line":51,"column":46},"end":{"line":51,"column":71}},"type":"binary-expr","locations":[{"start":{"line":51,"column":46},"end":{"line":51,"column":65}},{"start":{"line":51,"column":69},"end":{"line":51,"column":71}}]},"5":{"loc":{"start":{"line":62,"column":21},"end":{"line":62,"column":45}},"type":"binary-expr","locations":[{"start":{"line":62,"column":21},"end":{"line":62,"column":39}},{"start":{"line":62,"column":43},"end":{"line":62,"column":45}}]},"6":{"loc":{"start":{"line":62,"column":21},"end":{"line":62,"column":39}},"type":"cond-expr","locations":[{"start":{"line":62,"column":27},"end":{"line":62,"column":29}},{"start":{"line":62,"column":21},"end":{"line":62,"column":39}}]},"7":{"loc":{"start":{"line":62,"column":21},"end":{"line":62,"column":29}},"type":"binary-expr","locations":[{"start":{"line":62,"column":21},"end":{"line":62,"column":29}},{"start":{"line":62,"column":21},"end":{"line":62,"column":29}}]},"8":{"loc":{"start":{"line":65,"column":4},"end":{"line":65,"column":84}},"type":"if","locations":[{"start":{"line":65,"column":4},"end":{"line":65,"column":84}},{"start":{},"end":{}}]},"9":{"loc":{"start":{"line":65,"column":8},"end":{"line":65,"column":69}},"type":"binary-expr","locations":[{"start":{"line":65,"column":8},"end":{"line":65,"column":34}},{"start":{"line":65,"column":38},"end":{"line":65,"column":69}}]},"10":{"loc":{"start":{"line":66,"column":4},"end":{"line":67,"column":87}},"type":"if","locations":[{"start":{"line":66,"column":4},"end":{"line":67,"column":87}},{"start":{},"end":{}}]},"11":{"loc":{"start":{"line":66,"column":8},"end":{"line":67,"column":72}},"type":"binary-expr","locations":[{"start":{"line":66,"column":8},"end":{"line":66,"column":19}},{"start":{"line":66,"column":23},"end":{"line":66,"column":80}},{"start":{"line":67,"column":8},"end":{"line":67,"column":72}}]},"12":{"loc":{"start":{"line":91,"column":16},"end":{"line":93,"column":null}},"type":"cond-expr","locations":[{"start":{"line":92,"column":20},"end":{"line":92,"column":90}},{"start":{"line":93,"column":20},"end":{"line":93,"column":null}}]},"13":{"loc":{"start":{"line":103,"column":18},"end":{"line":105,"column":null}},"type":"cond-expr","locations":[{"start":{"line":104,"column":22},"end":{"line":104,"column":92}},{"start":{"line":105,"column":22},"end":{"line":105,"column":null}}]},"14":{"loc":{"start":{"line":108,"column":28},"end":{"line":108,"column":63}},"type":"binary-expr","locations":[{"start":{"line":108,"column":28},"end":{"line":108,"column":51}},{"start":{"line":108,"column":55},"end":{"line":108,"column":63}}]},"15":{"loc":{"start":{"line":114,"column":9},"end":{"line":161,"column":null}},"type":"cond-expr","locations":[{"start":{"line":115,"column":10},"end":{"line":118,"column":null}},{"start":{"line":120,"column":12},"end":{"line":161,"column":null}}]},"16":{"loc":{"start":{"line":120,"column":12},"end":{"line":161,"column":null}},"type":"cond-expr","locations":[{"start":{"line":121,"column":10},"end":{"line":121,"column":87}},{"start":{"line":123,"column":10},"end":{"line":160,"column":null}}]},"17":{"loc":{"start":{"line":132,"column":22},"end":{"line":134,"column":null}},"type":"cond-expr","locations":[{"start":{"line":132,"column":55},"end":{"line":132,"column":108}},{"start":{"line":133,"column":22},"end":{"line":134,"column":null}}]},"18":{"loc":{"start":{"line":133,"column":22},"end":{"line":134,"column":null}},"type":"cond-expr","locations":[{"start":{"line":133,"column":56},"end":{"line":133,"column":118}},{"start":{"line":134,"column":22},"end":{"line":134,"column":null}}]},"19":{"loc":{"start":{"line":139,"column":73},"end":{"line":139,"column":120}},"type":"binary-expr","locations":[{"start":{"line":139,"column":73},"end":{"line":139,"column":103}},{"start":{"line":139,"column":107},"end":{"line":139,"column":120}}]},"20":{"loc":{"start":{"line":142,"column":17},"end":{"line":158,"column":24}},"type":"cond-expr","locations":[{"start":{"line":143,"column":18},"end":{"line":156,"column":null}},{"start":{"line":158,"column":20},"end":{"line":158,"column":24}}]},"21":{"loc":{"start":{"line":142,"column":17},"end":{"line":142,"column":149}},"type":"binary-expr","locations":[{"start":{"line":142,"column":17},"end":{"line":142,"column":34}},{"start":{"line":142,"column":38},"end":{"line":142,"column":66}},{"start":{"line":142,"column":70},"end":{"line":142,"column":149}}]},"22":{"loc":{"start":{"line":151,"column":23},"end":{"line":154,"column":null}},"type":"binary-expr","locations":[{"start":{"line":151,"column":23},"end":{"line":151,"column":102}},{"start":{"line":152,"column":24},"end":{"line":153,"column":null}}]}},"s":{"0":0,"1":0,"2":0,"3":0,"4":0,"5":0,"6":0,"7":0,"8":0,"9":0,"10":0,"11":0,"12":0,"13":0,"14":0,"15":0,"16":0,"17":0,"18":0,"19":0,"20":0,"21":0,"22":0,"23":0,"24":0,"25":0,"26":0,"27":0,"28":0,"29":0,"30":0,"31":0,"32":0,"33":0,"34":0,"35":0,"36":0,"37":0},"f":{"0":0,"1":0,"2":0,"3":0,"4":0,"5":0,"6":0,"7":0,"8":0,"9":0,"10":0},"b":{"0":[0,0],"1":[0,0],"2":[0,0],"3":[0,0],"4":[0,0],"5":[0,0],"6":[0,0],"7":[0,0],"8":[0,0],"9":[0,0],"10":[0,0],"11":[0,0,0],"12":[0,0],"13":[0,0],"14":[0,0],"15":[0,0],"16":[0,0],"17":[0,0],"18":[0,0],"19":[0,0],"20":[0,0],"21":[0,0,0],"22":[0,0]}}
}
