TN:
SF:app/layout.tsx
FN:29,RootLayout
FNF:1
FNH:1
FNDA:2,RootLayout
DA:2,1
DA:3,1
DA:5,1
DA:10,1
DA:15,1
DA:23,1
DA:29,1
DA:34,2
LF:8
LH:8
BRF:0
BRH:0
end_of_record
TN:
SF:app/page.tsx
FN:25,HomePage
FN:35,(anonymous_2)
FN:37,(anonymous_3)
FN:38,(anonymous_4)
FN:39,(anonymous_5)
FN:40,(anonymous_6)
FN:41,(anonymous_7)
FN:101,(anonymous_8)
FN:130,NavLink
FN:145,StatCard
FN:157,ActivityItem
FN:170,QuickActionButton
FNF:12
FNH:7
FNDA:8,HomePage
FNDA:5,(anonymous_2)
FNDA:0,(anonymous_3)
FNDA:0,(anonymous_4)
FNDA:0,(anonymous_5)
FNDA:5,(anonymous_6)
FNDA:10,(anonymous_7)
FNDA:0,(anonymous_8)
FNDA:70,NavLink
FNDA:28,StatCard
FNDA:0,ActivityItem
FNDA:28,QuickActionButton
DA:3,1
DA:4,1
DA:5,1
DA:6,1
DA:25,1
DA:26,8
DA:32,7
DA:33,7
DA:35,7
DA:36,5
DA:37,0
DA:38,0
DA:39,0
DA:41,10
DA:42,5
DA:48,5
DA:49,5
DA:53,7
DA:102,0
DA:131,70
DA:146,28
DA:158,0
DA:171,28
LF:23
LH:18
BRDA:41,0,0,5
BRDA:41,0,1,0
BRDA:44,1,0,5
BRDA:44,1,1,0
BRDA:44,2,0,0
BRDA:44,2,1,0
BRDA:48,3,0,5
BRDA:48,3,1,0
BRDA:88,4,0,5
BRDA:88,4,1,2
BRDA:89,5,0,5
BRDA:89,5,1,2
BRDA:97,6,0,7
BRDA:97,6,1,0
BRDA:104,7,0,0
BRDA:104,7,1,0
BRDA:104,8,0,0
BRDA:104,8,1,0
BRDA:104,9,0,0
BRDA:104,9,1,0
BRDA:106,10,0,0
BRDA:106,10,1,0
BRDA:106,10,2,0
BRDA:135,11,0,7
BRDA:135,11,1,63
BRF:25
BRH:10
end_of_record
TN:
SF:app/agents/page.tsx
FN:17,AgentsPage
FN:23,(anonymous_2)
FN:32,(anonymous_3)
FN:37,(anonymous_4)
FN:46,(anonymous_5)
FN:69,(anonymous_6)
FN:82,(anonymous_7)
FN:108,(anonymous_8)
FN:109,(anonymous_9)
FN:118,(anonymous_10)
FN:119,(anonymous_11)
FN:126,(anonymous_12)
FN:134,(anonymous_13)
FN:143,(anonymous_14)
FN:153,(anonymous_15)
FNF:15
FNH:0
FNDA:0,AgentsPage
FNDA:0,(anonymous_2)
FNDA:0,(anonymous_3)
FNDA:0,(anonymous_4)
FNDA:0,(anonymous_5)
FNDA:0,(anonymous_6)
FNDA:0,(anonymous_7)
FNDA:0,(anonymous_8)
FNDA:0,(anonymous_9)
FNDA:0,(anonymous_10)
FNDA:0,(anonymous_11)
FNDA:0,(anonymous_12)
FNDA:0,(anonymous_13)
FNDA:0,(anonymous_14)
FNDA:0,(anonymous_15)
DA:3,0
DA:4,0
DA:5,0
DA:6,0
DA:17,0
DA:18,0
DA:19,0
DA:20,0
DA:21,0
DA:23,0
DA:24,0
DA:25,0
DA:26,0
DA:27,0
DA:28,0
DA:29,0
DA:32,0
DA:33,0
DA:34,0
DA:37,0
DA:38,0
DA:39,0
DA:40,0
DA:41,0
DA:42,0
DA:43,0
DA:46,0
DA:47,0
DA:48,0
DA:49,0
DA:50,0
DA:51,0
DA:54,0
DA:70,0
DA:83,0
DA:108,0
DA:109,0
DA:118,0
DA:119,0
DA:126,0
DA:134,0
DA:143,0
DA:153,0
LF:43
LH:0
BRDA:19,0,0,0
BRDA:19,0,1,0
BRDA:19,1,0,0
BRDA:19,1,1,0
BRDA:19,2,0,0
BRDA:19,2,1,0
BRDA:25,3,0,0
BRDA:25,3,1,0
BRDA:34,4,0,0
BRDA:34,4,1,0
BRDA:38,5,0,0
BRDA:38,5,1,0
BRDA:47,6,0,0
BRDA:47,6,1,0
BRDA:67,7,0,0
BRDA:67,7,1,0
BRDA:73,8,0,0
BRDA:73,8,1,0
BRDA:86,9,0,0
BRDA:86,9,1,0
BRDA:93,10,0,0
BRDA:93,10,1,0
BRDA:94,11,0,0
BRDA:94,11,1,0
BRDA:101,12,0,0
BRDA:101,12,1,0
BRDA:117,13,0,0
BRDA:117,13,1,0
BRF:28
BRH:0
end_of_record
TN:
SF:app/audit/page.tsx
FN:27,AuditPage
FN:33,(anonymous_2)
FN:37,(anonymous_3)
FN:52,(anonymous_4)
FN:60,(anonymous_5)
FN:64,(anonymous_6)
FN:72,(anonymous_7)
FN:126,(anonymous_8)
FN:129,(anonymous_9)
FN:143,(anonymous_10)
FN:151,(anonymous_11)
FNF:11
FNH:0
FNDA:0,AuditPage
FNDA:0,(anonymous_2)
FNDA:0,(anonymous_3)
FNDA:0,(anonymous_4)
FNDA:0,(anonymous_5)
FNDA:0,(anonymous_6)
FNDA:0,(anonymous_7)
FNDA:0,(anonymous_8)
FNDA:0,(anonymous_9)
FNDA:0,(anonymous_10)
FNDA:0,(anonymous_11)
DA:3,0
DA:4,0
DA:5,0
DA:27,0
DA:28,0
DA:29,0
DA:30,0
DA:31,0
DA:33,0
DA:34,0
DA:37,0
DA:38,0
DA:39,0
DA:43,0
DA:44,0
DA:46,0
DA:48,0
DA:52,0
DA:53,0
DA:54,0
DA:55,0
DA:56,0
DA:57,0
DA:60,0
DA:61,0
DA:64,0
DA:65,0
DA:66,0
DA:67,0
DA:68,0
DA:69,0
DA:72,0
DA:73,0
DA:74,0
DA:75,0
DA:76,0
DA:77,0
DA:78,0
DA:81,0
DA:127,0
DA:129,0
DA:144,0
DA:152,0
LF:43
LH:0
BRDA:43,0,0,0
BRDA:43,0,1,0
BRDA:53,1,0,0
BRDA:53,1,1,0
BRDA:65,2,0,0
BRDA:65,2,1,0
BRDA:66,3,0,0
BRDA:66,3,1,0
BRDA:66,4,0,0
BRDA:66,4,1,0
BRDA:66,4,2,0
BRDA:67,5,0,0
BRDA:67,5,1,0
BRDA:68,6,0,0
BRDA:68,6,1,0
BRDA:68,7,0,0
BRDA:68,7,1,0
BRDA:73,8,0,0
BRDA:73,8,1,0
BRDA:74,9,0,0
BRDA:74,9,1,0
BRDA:75,10,0,0
BRDA:75,10,1,0
BRDA:76,11,0,0
BRDA:76,11,1,0
BRDA:76,12,0,0
BRDA:76,12,1,0
BRDA:77,13,0,0
BRDA:77,13,1,0
BRDA:77,14,0,0
BRDA:77,14,1,0
BRDA:99,15,0,0
BRDA:99,15,1,0
BRDA:107,16,0,0
BRDA:107,16,1,0
BRDA:107,17,0,0
BRDA:107,17,1,0
BRDA:107,18,0,0
BRDA:107,18,1,0
BRDA:111,19,0,0
BRDA:111,19,1,0
BRDA:111,20,0,0
BRDA:111,20,1,0
BRDA:111,21,0,0
BRDA:111,21,1,0
BRDA:115,22,0,0
BRDA:115,22,1,0
BRDA:131,23,0,0
BRDA:131,23,1,0
BRDA:141,24,0,0
BRDA:141,24,1,0
BRDA:147,25,0,0
BRDA:147,25,1,0
BRDA:164,26,0,0
BRDA:164,26,1,0
BRDA:165,27,0,0
BRDA:165,27,1,0
BRDA:169,28,0,0
BRDA:169,28,1,0
BRDA:170,29,0,0
BRDA:170,29,1,0
BRDA:170,30,0,0
BRDA:170,30,1,0
BRDA:173,31,0,0
BRDA:173,31,1,0
BRDA:174,32,0,0
BRDA:174,32,1,0
BRDA:174,33,0,0
BRDA:174,33,1,0
BRF:69
BRH:0
end_of_record
TN:
SF:app/chat/page.tsx
FN:38,ChatPage
FN:46,ChatContent
FN:64,(anonymous_13)
FN:66,(anonymous_14)
FN:74,(anonymous_15)
FN:77,(anonymous_16)
FN:78,(anonymous_17)
FN:83,(anonymous_18)
FN:89,(anonymous_19)
FN:100,(anonymous_20)
FN:112,(anonymous_21)
FN:127,(anonymous_22)
FN:138,(anonymous_23)
FN:146,(anonymous_24)
FN:157,(anonymous_25)
FN:165,(anonymous_26)
FN:171,(anonymous_27)
FN:184,(anonymous_28)
FN:214,(anonymous_29)
FN:265,(anonymous_30)
FN:304,(anonymous_31)
FN:307,(anonymous_32)
FN:319,(anonymous_33)
FN:375,(anonymous_34)
FN:398,(anonymous_35)
FN:436,MessageBubble
FN:461,(anonymous_37)
FN:478,ToolCallCard
FN:564,MarkdownRenderer
FN:570,(anonymous_40)
FN:589,(anonymous_41)
FN:612,CodeBlock
FN:615,(anonymous_43)
FN:618,(anonymous_44)
FN:652,QuickActionButton
FNF:35
FNH:0
FNDA:0,ChatPage
FNDA:0,ChatContent
FNDA:0,(anonymous_13)
FNDA:0,(anonymous_14)
FNDA:0,(anonymous_15)
FNDA:0,(anonymous_16)
FNDA:0,(anonymous_17)
FNDA:0,(anonymous_18)
FNDA:0,(anonymous_19)
FNDA:0,(anonymous_20)
FNDA:0,(anonymous_21)
FNDA:0,(anonymous_22)
FNDA:0,(anonymous_23)
FNDA:0,(anonymous_24)
FNDA:0,(anonymous_25)
FNDA:0,(anonymous_26)
FNDA:0,(anonymous_27)
FNDA:0,(anonymous_28)
FNDA:0,(anonymous_29)
FNDA:0,(anonymous_30)
FNDA:0,(anonymous_31)
FNDA:0,(anonymous_32)
FNDA:0,(anonymous_33)
FNDA:0,(anonymous_34)
FNDA:0,(anonymous_35)
FNDA:0,MessageBubble
FNDA:0,(anonymous_37)
FNDA:0,ToolCallCard
FNDA:0,MarkdownRenderer
FNDA:0,(anonymous_40)
FNDA:0,(anonymous_41)
FNDA:0,CodeBlock
FNDA:0,(anonymous_43)
FNDA:0,(anonymous_44)
FNDA:0,QuickActionButton
DA:3,0
DA:4,0
DA:5,0
DA:6,0
DA:7,0
DA:8,0
DA:38,0
DA:39,0
DA:47,0
DA:48,0
DA:49,0
DA:50,0
DA:51,0
DA:52,0
DA:53,0
DA:54,0
DA:55,0
DA:56,0
DA:57,0
DA:58,0
DA:59,0
DA:60,0
DA:61,0
DA:62,0
DA:64,0
DA:66,0
DA:67,0
DA:68,0
DA:70,0
DA:74,0
DA:75,0
DA:76,0
DA:77,0
DA:83,0
DA:84,0
DA:85,0
DA:89,0
DA:90,0
DA:91,0
DA:94,0
DA:96,0
DA:100,0
DA:101,0
DA:102,0
DA:103,0
DA:104,0
DA:105,0
DA:107,0
DA:108,0
DA:112,0
DA:113,0
DA:115,0
DA:116,0
DA:117,0
DA:118,0
DA:119,0
DA:120,0
DA:121,0
DA:123,0
DA:124,0
DA:128,0
DA:130,0
DA:133,0
DA:134,0
DA:135,0
DA:138,0
DA:139,0
DA:140,0
DA:141,0
DA:143,0
DA:146,0
DA:147,0
DA:151,0
DA:152,0
DA:154,0
DA:157,0
DA:158,0
DA:159,0
DA:160,0
DA:162,0
DA:165,0
DA:166,0
DA:167,0
DA:168,0
DA:171,0
DA:172,0
DA:173,0
DA:174,0
DA:176,0
DA:177,0
DA:183,0
DA:184,0
DA:204,0
DA:205,0
DA:206,0
DA:207,0
DA:209,0
DA:210,0
DA:214,0
DA:215,0
DA:216,0
DA:217,0
DA:221,0
DA:265,0
DA:305,0
DA:307,0
DA:320,0
DA:376,0
DA:398,0
DA:436,0
DA:437,0
DA:439,0
DA:462,0
DA:478,0
DA:479,0
DA:480,0
DA:482,0
DA:565,0
DA:570,0
DA:571,0
DA:572,0
DA:573,0
DA:574,0
DA:583,0
DA:590,0
DA:594,0
DA:595,0
DA:596,0
DA:597,0
DA:598,0
DA:613,0
DA:615,0
DA:616,0
DA:617,0
DA:618,0
DA:621,0
DA:661,0
LF:137
LH:0
BRDA:49,0,0,0
BRDA:49,0,1,0
BRDA:67,1,0,0
BRDA:67,1,1,0
BRDA:75,2,0,0
BRDA:75,2,1,0
BRDA:77,3,0,0
BRDA:77,3,1,0
BRDA:84,4,0,0
BRDA:84,4,1,0
BRDA:105,5,0,0
BRDA:105,5,1,0
BRDA:113,6,0,0
BRDA:113,6,1,0
BRDA:113,7,0,0
BRDA:113,7,1,0
BRDA:113,7,2,0
BRDA:128,8,0,0
BRDA:128,8,1,0
BRDA:128,8,2,0
BRDA:128,8,3,0
BRDA:128,8,4,0
BRDA:128,8,5,0
BRDA:128,8,6,0
BRDA:133,9,0,0
BRDA:133,9,1,0
BRDA:133,10,0,0
BRDA:133,10,1,0
BRDA:134,11,0,0
BRDA:134,11,1,0
BRDA:134,12,0,0
BRDA:134,12,1,0
BRDA:158,13,0,0
BRDA:158,13,1,0
BRDA:166,14,0,0
BRDA:166,14,1,0
BRDA:183,15,0,0
BRDA:183,15,1,0
BRDA:196,16,0,0
BRDA:196,16,1,0
BRDA:215,17,0,0
BRDA:215,17,1,0
BRDA:215,18,0,0
BRDA:215,18,1,0
BRDA:237,19,0,0
BRDA:237,19,1,0
BRDA:246,20,0,0
BRDA:246,20,1,0
BRDA:256,21,0,0
BRDA:256,21,1,0
BRDA:256,21,2,0
BRDA:266,22,0,0
BRDA:266,22,1,0
BRDA:286,23,0,0
BRDA:286,23,1,0
BRDA:286,23,2,0
BRDA:324,24,0,0
BRDA:324,24,1,0
BRDA:335,25,0,0
BRDA:335,25,1,0
BRDA:343,26,0,0
BRDA:343,26,1,0
BRDA:343,26,2,0
BRDA:364,27,0,0
BRDA:364,27,1,0
BRDA:371,28,0,0
BRDA:371,28,1,0
BRDA:378,29,0,0
BRDA:378,29,1,0
BRDA:409,30,0,0
BRDA:409,30,1,0
BRDA:440,31,0,0
BRDA:440,31,1,0
BRDA:444,32,0,0
BRDA:444,32,1,0
BRDA:449,33,0,0
BRDA:449,33,1,0
BRDA:450,34,0,0
BRDA:450,34,1,0
BRDA:461,35,0,0
BRDA:461,35,1,0
BRDA:461,36,0,0
BRDA:461,36,1,0
BRDA:466,37,0,0
BRDA:466,37,1,0
BRDA:466,37,2,0
BRDA:468,38,0,0
BRDA:468,38,1,0
BRDA:469,39,0,0
BRDA:469,39,1,0
BRDA:480,40,0,0
BRDA:480,40,1,0
BRDA:485,41,0,0
BRDA:485,41,1,0
BRDA:487,42,0,0
BRDA:487,42,1,0
BRDA:496,43,0,0
BRDA:496,43,1,0
BRDA:502,44,0,0
BRDA:502,44,1,0
BRDA:507,45,0,0
BRDA:507,45,1,0
BRDA:521,46,0,0
BRDA:521,46,1,0
BRDA:525,47,0,0
BRDA:525,47,1,0
BRDA:526,48,0,0
BRDA:526,48,1,0
BRDA:530,49,0,0
BRDA:530,49,1,0
BRDA:533,50,0,0
BRDA:533,50,1,0
BRDA:534,51,0,0
BRDA:534,51,1,0
BRDA:543,52,0,0
BRDA:543,52,1,0
BRDA:548,53,0,0
BRDA:548,53,1,0
BRDA:550,54,0,0
BRDA:550,54,1,0
BRDA:571,55,0,0
BRDA:571,55,1,0
BRDA:572,56,0,0
BRDA:572,56,1,0
BRDA:573,57,0,0
BRDA:573,57,1,0
BRDA:594,58,0,0
BRDA:594,58,1,0
BRDA:594,59,0,0
BRDA:594,59,1,0
BRDA:594,60,0,0
BRDA:594,60,1,0
BRDA:594,61,0,0
BRDA:594,61,1,0
BRDA:594,62,0,0
BRDA:594,62,1,0
BRDA:596,63,0,0
BRDA:596,63,1,0
BRDA:597,64,0,0
BRDA:597,64,1,0
BRDA:597,65,0,0
BRDA:597,65,1,0
BRDA:597,66,0,0
BRDA:597,66,1,0
BRDA:597,67,0,0
BRDA:597,67,1,0
BRDA:597,68,0,0
BRDA:597,68,1,0
BRDA:604,69,0,0
BRDA:604,69,1,0
BRDA:625,70,0,0
BRDA:625,70,1,0
BRDA:630,71,0,0
BRDA:630,71,1,0
BRF:154
BRH:0
end_of_record
TN:
SF:app/sessions/page.tsx
FN:18,SessionsPage
FN:22,(anonymous_2)
FN:31,(anonymous_3)
FN:40,(anonymous_4)
FN:69,(anonymous_5)
FN:70,(anonymous_6)
FN:71,(anonymous_7)
FN:72,(anonymous_8)
FN:82,(anonymous_9)
FN:95,(anonymous_10)
FN:123,(anonymous_11)
FN:126,(anonymous_12)
FN:128,(anonymous_13)
FNF:13
FNH:0
FNDA:0,SessionsPage
FNDA:0,(anonymous_2)
FNDA:0,(anonymous_3)
FNDA:0,(anonymous_4)
FNDA:0,(anonymous_5)
FNDA:0,(anonymous_6)
FNDA:0,(anonymous_7)
FNDA:0,(anonymous_8)
FNDA:0,(anonymous_9)
FNDA:0,(anonymous_10)
FNDA:0,(anonymous_11)
FNDA:0,(anonymous_12)
FNDA:0,(anonymous_13)
DA:3,0
DA:4,0
DA:5,0
DA:6,0
DA:18,0
DA:19,0
DA:20,0
DA:22,0
DA:23,0
DA:24,0
DA:25,0
DA:26,0
DA:27,0
DA:28,0
DA:31,0
DA:32,0
DA:33,0
DA:34,0
DA:35,0
DA:36,0
DA:37,0
DA:40,0
DA:41,0
DA:42,0
DA:43,0
DA:44,0
DA:45,0
DA:46,0
DA:47,0
DA:50,0
DA:69,0
DA:70,0
DA:71,0
DA:73,0
DA:83,0
DA:96,0
DA:123,0
DA:126,0
DA:128,0
LF:39
LH:0
BRDA:20,0,0,0
BRDA:20,0,1,0
BRDA:20,1,0,0
BRDA:20,1,1,0
BRDA:20,2,0,0
BRDA:20,2,1,0
BRDA:43,3,0,0
BRDA:43,3,1,0
BRDA:71,4,0,0
BRDA:71,4,1,0
BRDA:80,5,0,0
BRDA:80,5,1,0
BRDA:86,6,0,0
BRDA:86,6,1,0
BRDA:103,7,0,0
BRDA:103,7,1,0
BRDA:104,8,0,0
BRDA:104,8,1,0
BRDA:105,9,0,0
BRDA:105,9,1,0
BRDA:109,10,0,0
BRDA:109,10,1,0
BRDA:112,11,0,0
BRDA:112,11,1,0
BRDA:118,12,0,0
BRDA:118,12,1,0
BRDA:119,13,0,0
BRDA:119,13,1,0
BRDA:122,14,0,0
BRDA:122,14,1,0
BRDA:125,15,0,0
BRDA:125,15,1,0
BRDA:128,16,0,0
BRDA:128,16,1,0
BRF:34
BRH:0
end_of_record
TN:
SF:app/settings/page.tsx
FN:37,SettingsPage
FN:52,(anonymous_2)
FN:58,(anonymous_3)
FN:62,(anonymous_4)
FN:71,(anonymous_5)
FN:96,(anonymous_6)
FN:99,(anonymous_7)
FN:123,(anonymous_8)
FN:141,(anonymous_9)
FN:172,(anonymous_10)
FN:175,(anonymous_11)
FN:189,(anonymous_12)
FN:205,(anonymous_13)
FN:217,(anonymous_14)
FN:229,(anonymous_15)
FN:235,(anonymous_16)
FN:239,(anonymous_17)
FN:245,(anonymous_18)
FNF:18
FNH:0
FNDA:0,SettingsPage
FNDA:0,(anonymous_2)
FNDA:0,(anonymous_3)
FNDA:0,(anonymous_4)
FNDA:0,(anonymous_5)
FNDA:0,(anonymous_6)
FNDA:0,(anonymous_7)
FNDA:0,(anonymous_8)
FNDA:0,(anonymous_9)
FNDA:0,(anonymous_10)
FNDA:0,(anonymous_11)
FNDA:0,(anonymous_12)
FNDA:0,(anonymous_13)
FNDA:0,(anonymous_14)
FNDA:0,(anonymous_15)
FNDA:0,(anonymous_16)
FNDA:0,(anonymous_17)
FNDA:0,(anonymous_18)
DA:3,0
DA:4,0
DA:5,0
DA:37,0
DA:38,0
DA:39,0
DA:41,0
DA:42,0
DA:43,0
DA:45,0
DA:46,0
DA:47,0
DA:48,0
DA:49,0
DA:50,0
DA:52,0
DA:53,0
DA:54,0
DA:58,0
DA:59,0
DA:62,0
DA:63,0
DA:64,0
DA:65,0
DA:66,0
DA:67,0
DA:68,0
DA:71,0
DA:72,0
DA:73,0
DA:74,0
DA:75,0
DA:76,0
DA:79,0
DA:87,0
DA:89,0
DA:97,0
DA:99,0
DA:124,0
DA:142,0
DA:173,0
DA:175,0
DA:189,0
DA:206,0
DA:217,0
DA:229,0
DA:235,0
DA:239,0
DA:245,0
LF:49
LH:0
BRDA:45,0,0,0
BRDA:45,0,1,0
BRDA:45,1,0,0
BRDA:45,1,1,0
BRDA:45,2,0,0
BRDA:45,2,1,0
BRDA:46,3,0,0
BRDA:46,3,1,0
BRDA:46,4,0,0
BRDA:46,4,1,0
BRDA:46,5,0,0
BRDA:46,5,1,0
BRDA:47,6,0,0
BRDA:47,6,1,0
BRDA:47,7,0,0
BRDA:47,7,1,0
BRDA:47,8,0,0
BRDA:47,8,1,0
BRDA:53,9,0,0
BRDA:53,9,1,0
BRDA:53,10,0,0
BRDA:53,10,1,0
BRDA:53,11,0,0
BRDA:53,11,1,0
BRDA:56,12,0,0
BRDA:56,12,1,0
BRDA:56,13,0,0
BRDA:56,13,1,0
BRDA:72,14,0,0
BRDA:72,14,1,0
BRDA:87,15,0,0
BRDA:87,15,1,0
BRDA:101,16,0,0
BRDA:101,16,1,0
BRDA:112,17,0,0
BRDA:112,17,1,0
BRDA:112,17,2,0
BRDA:119,18,0,0
BRDA:119,18,1,0
BRDA:133,19,0,0
BRDA:133,19,1,0
BRDA:137,20,0,0
BRDA:137,20,1,0
BRDA:148,21,0,0
BRDA:148,21,1,0
BRDA:148,22,0,0
BRDA:148,22,1,0
BRDA:149,23,0,0
BRDA:149,23,1,0
BRDA:153,24,0,0
BRDA:153,24,1,0
BRDA:155,25,0,0
BRDA:155,25,1,0
BRDA:164,26,0,0
BRDA:164,26,1,0
BRDA:168,27,0,0
BRDA:168,27,1,0
BRDA:181,28,0,0
BRDA:181,28,1,0
BRDA:198,29,0,0
BRDA:198,29,1,0
BRDA:203,30,0,0
BRDA:203,30,1,0
BRDA:209,31,0,0
BRDA:209,31,1,0
BRDA:213,32,0,0
BRDA:213,32,1,0
BRDA:215,33,0,0
BRDA:215,33,1,0
BRDA:224,34,0,0
BRDA:224,34,1,0
BRDA:254,35,0,0
BRDA:254,35,1,0
BRDA:254,35,2,0
BRF:74
BRH:0
end_of_record
TN:
SF:app/skills/page.tsx
FN:20,SkillsPage
FN:27,(anonymous_2)
FN:33,(anonymous_3)
FN:42,(anonymous_4)
FN:51,(anonymous_5)
FN:59,(anonymous_6)
FN:78,(anonymous_7)
FN:85,(anonymous_8)
FN:88,(anonymous_9)
FN:99,(anonymous_10)
FN:107,(anonymous_11)
FN:125,(anonymous_12)
FN:150,(anonymous_13)
FN:161,(anonymous_14)
FN:174,(anonymous_15)
FN:175,(anonymous_16)
FN:183,(anonymous_17)
FN:192,(anonymous_18)
FN:198,(anonymous_19)
FNF:19
FNH:0
FNDA:0,SkillsPage
FNDA:0,(anonymous_2)
FNDA:0,(anonymous_3)
FNDA:0,(anonymous_4)
FNDA:0,(anonymous_5)
FNDA:0,(anonymous_6)
FNDA:0,(anonymous_7)
FNDA:0,(anonymous_8)
FNDA:0,(anonymous_9)
FNDA:0,(anonymous_10)
FNDA:0,(anonymous_11)
FNDA:0,(anonymous_12)
FNDA:0,(anonymous_13)
FNDA:0,(anonymous_14)
FNDA:0,(anonymous_15)
FNDA:0,(anonymous_16)
FNDA:0,(anonymous_17)
FNDA:0,(anonymous_18)
FNDA:0,(anonymous_19)
DA:3,0
DA:4,0
DA:5,0
DA:6,0
DA:20,0
DA:21,0
DA:22,0
DA:23,0
DA:24,0
DA:25,0
DA:27,0
DA:28,0
DA:29,0
DA:30,0
DA:33,0
DA:34,0
DA:35,0
DA:36,0
DA:38,0
DA:42,0
DA:43,0
DA:44,0
DA:45,0
DA:46,0
DA:47,0
DA:48,0
DA:51,0
DA:52,0
DA:53,0
DA:54,0
DA:55,0
DA:56,0
DA:59,0
DA:60,0
DA:61,0
DA:62,0
DA:63,0
DA:66,0
DA:78,0
DA:86,0
DA:88,0
DA:100,0
DA:108,0
DA:125,0
DA:150,0
DA:162,0
DA:174,0
DA:175,0
DA:183,0
DA:192,0
DA:198,0
LF:51
LH:0
BRDA:22,0,0,0
BRDA:22,0,1,0
BRDA:22,1,0,0
BRDA:22,1,1,0
BRDA:22,2,0,0
BRDA:22,2,1,0
BRDA:28,3,0,0
BRDA:28,3,1,0
BRDA:29,4,0,0
BRDA:29,4,1,0
BRDA:35,5,0,0
BRDA:35,5,1,0
BRDA:44,6,0,0
BRDA:44,6,1,0
BRDA:52,7,0,0
BRDA:52,7,1,0
BRDA:90,8,0,0
BRDA:90,8,1,0
BRDA:97,9,0,0
BRDA:97,9,1,0
BRDA:103,10,0,0
BRDA:103,10,1,0
BRDA:116,11,0,0
BRDA:116,11,1,0
BRDA:118,12,0,0
BRDA:118,12,1,0
BRDA:119,13,0,0
BRDA:119,13,1,0
BRDA:127,14,0,0
BRDA:127,14,1,0
BRDA:132,15,0,0
BRDA:132,15,1,0
BRDA:137,16,0,0
BRDA:137,16,1,0
BRDA:145,17,0,0
BRDA:145,17,1,0
BRDA:145,17,2,0
BRDA:148,18,0,0
BRDA:148,18,1,0
BRDA:159,19,0,0
BRDA:159,19,1,0
BRDA:159,19,2,0
BRDA:109,20,0,0
BRDA:109,20,1,0
BRDA:173,21,0,0
BRDA:173,21,1,0
BRF:46
BRH:0
end_of_record
TN:
SF:app/swarm/page.tsx
FN:22,SwarmPage
FN:31,(anonymous_2)
FN:40,(anonymous_3)
FN:66,(anonymous_4)
FN:68,(anonymous_5)
FN:70,(anonymous_6)
FN:80,(anonymous_7)
FN:93,(anonymous_8)
FN:114,(anonymous_9)
FN:129,(anonymous_10)
FNF:10
FNH:0
FNDA:0,SwarmPage
FNDA:0,(anonymous_2)
FNDA:0,(anonymous_3)
FNDA:0,(anonymous_4)
FNDA:0,(anonymous_5)
FNDA:0,(anonymous_6)
FNDA:0,(anonymous_7)
FNDA:0,(anonymous_8)
FNDA:0,(anonymous_9)
FNDA:0,(anonymous_10)
DA:3,0
DA:4,0
DA:5,0
DA:22,0
DA:23,0
DA:24,0
DA:25,0
DA:26,0
DA:27,0
DA:28,0
DA:29,0
DA:31,0
DA:32,0
DA:33,0
DA:34,0
DA:35,0
DA:36,0
DA:37,0
DA:40,0
DA:41,0
DA:42,0
DA:43,0
DA:44,0
DA:45,0
DA:48,0
DA:66,0
DA:68,0
DA:71,0
DA:81,0
DA:93,0
DA:114,0
DA:130,0
LF:32
LH:0
BRDA:26,0,0,0
BRDA:26,0,1,0
BRDA:27,1,0,0
BRDA:27,1,1,0
BRDA:27,2,0,0
BRDA:27,2,1,0
BRDA:27,3,0,0
BRDA:27,3,1,0
BRDA:28,4,0,0
BRDA:28,4,1,0
BRDA:28,5,0,0
BRDA:28,5,1,0
BRDA:28,6,0,0
BRDA:28,6,1,0
BRDA:29,7,0,0
BRDA:29,7,1,0
BRDA:29,8,0,0
BRDA:29,8,1,0
BRDA:29,9,0,0
BRDA:29,9,1,0
BRDA:33,10,0,0
BRDA:33,10,1,0
BRDA:41,11,0,0
BRDA:41,11,1,0
BRDA:68,12,0,0
BRDA:68,12,1,0
BRDA:68,12,2,0
BRDA:78,13,0,0
BRDA:78,13,1,0
BRDA:84,14,0,0
BRDA:84,14,1,0
BRDA:105,15,0,0
BRDA:105,15,1,0
BRDA:105,16,0,0
BRDA:105,16,1,0
BRDA:109,17,0,0
BRDA:109,17,1,0
BRDA:110,18,0,0
BRDA:110,18,1,0
BRDA:112,19,0,0
BRDA:112,19,1,0
BRDA:112,20,0,0
BRDA:112,20,1,0
BRDA:134,21,0,0
BRDA:134,21,1,0
BRDA:138,22,0,0
BRDA:138,22,1,0
BRF:47
BRH:0
end_of_record
TN:
SF:app/tasks/page.tsx
FN:21,TasksPage
FN:26,(anonymous_2)
FN:30,(anonymous_3)
FN:41,(anonymous_4)
FN:45,(anonymous_5)
FN:49,(anonymous_6)
FN:53,(anonymous_7)
FN:57,(anonymous_8)
FN:64,(anonymous_9)
FN:65,(anonymous_10)
FN:66,(anonymous_11)
FN:67,(anonymous_12)
FN:87,(anonymous_13)
FN:90,(anonymous_14)
FN:103,(anonymous_15)
FN:111,(anonymous_16)
FN:144,(anonymous_17)
FN:147,(anonymous_18)
FN:162,(anonymous_19)
FNF:19
FNH:0
FNDA:0,TasksPage
FNDA:0,(anonymous_2)
FNDA:0,(anonymous_3)
FNDA:0,(anonymous_4)
FNDA:0,(anonymous_5)
FNDA:0,(anonymous_6)
FNDA:0,(anonymous_7)
FNDA:0,(anonymous_8)
FNDA:0,(anonymous_9)
FNDA:0,(anonymous_10)
FNDA:0,(anonymous_11)
FNDA:0,(anonymous_12)
FNDA:0,(anonymous_13)
FNDA:0,(anonymous_14)
FNDA:0,(anonymous_15)
FNDA:0,(anonymous_16)
FNDA:0,(anonymous_17)
FNDA:0,(anonymous_18)
FNDA:0,(anonymous_19)
DA:3,0
DA:4,0
DA:5,0
DA:21,0
DA:22,0
DA:23,0
DA:24,0
DA:26,0
DA:27,0
DA:30,0
DA:31,0
DA:32,0
DA:33,0
DA:35,0
DA:37,0
DA:41,0
DA:42,0
DA:43,0
DA:44,0
DA:45,0
DA:46,0
DA:49,0
DA:50,0
DA:51,0
DA:52,0
DA:53,0
DA:54,0
DA:57,0
DA:58,0
DA:59,0
DA:62,0
DA:64,0
DA:65,0
DA:66,0
DA:67,0
DA:70,0
DA:88,0
DA:90,0
DA:104,0
DA:112,0
DA:144,0
DA:147,0
DA:163,0
LF:43
LH:0
BRDA:33,0,0,0
BRDA:33,0,1,0
BRDA:42,1,0,0
BRDA:42,1,1,0
BRDA:45,2,0,0
BRDA:45,2,1,0
BRDA:50,3,0,0
BRDA:50,3,1,0
BRDA:58,4,0,0
BRDA:58,4,1,0
BRDA:92,5,0,0
BRDA:92,5,1,0
BRDA:101,6,0,0
BRDA:101,6,1,0
BRDA:107,7,0,0
BRDA:107,7,1,0
BRDA:119,8,0,0
BRDA:119,8,1,0
BRDA:120,9,0,0
BRDA:120,9,1,0
BRDA:121,10,0,0
BRDA:121,10,1,0
BRDA:122,11,0,0
BRDA:122,11,1,0
BRDA:126,12,0,0
BRDA:126,12,1,0
BRDA:133,13,0,0
BRDA:133,13,1,0
BRDA:133,13,2,0
BRDA:138,14,0,0
BRDA:138,14,1,0
BRDA:139,15,0,0
BRDA:139,15,1,0
BRDA:143,16,0,0
BRDA:143,16,1,0
BRDA:146,17,0,0
BRDA:146,17,1,0
BRDA:146,17,2,0
BRDA:146,17,3,0
BRDA:153,18,0,0
BRDA:153,18,1,0
BRDA:159,19,0,0
BRDA:159,19,1,0
BRDA:159,19,2,0
BRF:44
BRH:0
end_of_record
TN:
SF:app/tools/page.tsx
FN:35,getDangerLevel
FN:41,ToolsPage
FN:48,(anonymous_2)
FN:64,(anonymous_3)
FN:84,(anonymous_4)
FN:89,(anonymous_5)
FN:98,(anonymous_6)
FN:101,(anonymous_7)
FN:116,(anonymous_8)
FN:124,(anonymous_9)
FN:146,(anonymous_10)
FNF:11
FNH:0
FNDA:0,getDangerLevel
FNDA:0,ToolsPage
FNDA:0,(anonymous_2)
FNDA:0,(anonymous_3)
FNDA:0,(anonymous_4)
FNDA:0,(anonymous_5)
FNDA:0,(anonymous_6)
FNDA:0,(anonymous_7)
FNDA:0,(anonymous_8)
FNDA:0,(anonymous_9)
FNDA:0,(anonymous_10)
DA:3,0
DA:4,0
DA:5,0
DA:24,0
DA:36,0
DA:37,0
DA:38,0
DA:41,0
DA:42,0
DA:43,0
DA:44,0
DA:45,0
DA:46,0
DA:48,0
DA:49,0
DA:50,0
DA:51,0
DA:52,0
DA:53,0
DA:59,0
DA:62,0
DA:64,0
DA:65,0
DA:66,0
DA:67,0
DA:68,0
DA:71,0
DA:84,0
DA:89,0
DA:99,0
DA:101,0
DA:117,0
DA:125,0
DA:147,0
LF:34
LH:0
BRDA:36,0,0,0
BRDA:36,0,1,0
BRDA:37,1,0,0
BRDA:37,1,1,0
BRDA:44,2,0,0
BRDA:44,2,1,0
BRDA:49,3,0,0
BRDA:49,3,1,0
BRDA:51,4,0,0
BRDA:51,4,1,0
BRDA:62,5,0,0
BRDA:62,5,1,0
BRDA:62,6,0,0
BRDA:62,6,1,0
BRDA:62,7,0,0
BRDA:62,7,1,0
BRDA:65,8,0,0
BRDA:65,8,1,0
BRDA:65,9,0,0
BRDA:65,9,1,0
BRDA:66,10,0,0
BRDA:66,10,1,0
BRDA:66,11,0,0
BRDA:66,11,1,0
BRDA:66,11,2,0
BRDA:91,12,0,0
BRDA:91,12,1,0
BRDA:103,13,0,0
BRDA:103,13,1,0
BRDA:108,14,0,0
BRDA:108,14,1,0
BRDA:114,15,0,0
BRDA:114,15,1,0
BRDA:120,16,0,0
BRDA:120,16,1,0
BRDA:132,17,0,0
BRDA:132,17,1,0
BRDA:133,18,0,0
BRDA:133,18,1,0
BRDA:139,19,0,0
BRDA:139,19,1,0
BRDA:142,20,0,0
BRDA:142,20,1,0
BRDA:142,21,0,0
BRDA:142,21,1,0
BRDA:142,21,2,0
BRDA:151,22,0,0
BRDA:151,22,1,0
BRF:48
BRH:0
end_of_record
